# JRE version: Java(TM) SE Runtime Environment (8.0_51-b16) (build 1.8.0_51-b16)
# Java VM: Java HotSpot(TM) 64-Bit Server VM (25.51-b03 mixed mode bsd-amd64 compressed oops)
Heap:
 PSYoungGen      total 133632K, used 79228K [0x00000007b5580000, 0x00000007bfe80000, 0x00000007c0000000)
  eden space 96768K, 75% used [0x00000007b5580000,0x00000007b9d03c80,0x00000007bb400000)
  from space 36864K, 16% used [0x00000007bb400000,0x00000007bb9db458,0x00000007bd800000)
  to   space 34816K, 0% used [0x00000007bdc80000,0x00000007bdc80000,0x00000007bfe80000)
 ParOldGen       total 349696K, used 228814K [0x00000007a0000000, 0x00000007b5580000, 0x00000007b5580000)
  object space 349696K, 65% used [0x00000007a0000000,0x00000007adf73bc0,0x00000007b5580000)
 Metaspace       used 30363K, capacity 30654K, committed 30976K, reserved 1077248K
  class space    used 3470K, capacity 3551K, committed 3584K, reserved 1048576K
GC Heap History (10 events):
Event: 40.260 GC heap before
{Heap before GC invocations=36 (full 10):
 PSYoungGen      total 137728K, used 100864K [0x00000007b5580000, 0x00000007c0000000, 0x00000007c0000000)
  eden space 100864K, 100% used [0x00000007b5580000,0x00000007bb800000,0x00000007bb800000)
  from space 36864K, 0% used [0x00000007bb800000,0x00000007bb800000,0x00000007bdc00000)
  to   space 35840K, 0% used [0x00000007bdd00000,0x00000007bdd00000,0x00000007c0000000)
 ParOldGen       total 349696K, used 220614K [0x00000007a0000000, 0x00000007b5580000, 0x00000007b5580000)
  object space 349696K, 63% used [0x00000007a0000000,0x00000007ad7719e8,0x00000007b5580000)
 Metaspace       used 30337K, capacity 30648K, committed 30976K, reserved 1077248K
  class space    used 3469K, capacity 3550K, committed 3584K, reserved 1048576K
Event: 40.273 GC heap after
Heap after GC invocations=36 (full 10):
 PSYoungGen      total 131584K, used 25749K [0x00000007b5580000, 0x00000007c0000000, 0x00000007c0000000)
  eden space 95744K, 0% used [0x00000007b5580000,0x00000007b5580000,0x00000007bb300000)
  from space 35840K, 71% used [0x00000007bdd00000,0x00000007bf625638,0x00000007c0000000)
  to   space 39424K, 0% used [0x00000007bb300000,0x00000007bb300000,0x00000007bd980000)
 ParOldGen       total 349696K, used 267270K [0x00000007a0000000, 0x00000007b5580000, 0x00000007b5580000)
  object space 349696K, 76% used [0x00000007a0000000,0x00000007b0501a08,0x00000007b5580000)
 Metaspace       used 30337K, capacity 30648K, committed 30976K, reserved 1077248K
  class space    used 3469K, capacity 3550K, committed 3584K, reserved 1048576K
}
Event: 40.273 GC heap before
{Heap before GC invocations=37 (full 11):
 PSYoungGen      total 131584K, used 25749K [0x00000007b5580000, 0x00000007c0000000, 0x00000007c0000000)
  eden space 95744K, 0% used [0x00000007b5580000,0x00000007b5580000,0x00000007bb300000)
  from space 35840K, 71% used [0x00000007bdd00000,0x00000007bf625638,0x00000007c0000000)
  to   space 39424K, 0% used [0x00000007bb300000,0x00000007bb300000,0x00000007bd980000)
 ParOldGen       total 349696K, used 267270K [0x00000007a0000000, 0x00000007b5580000, 0x00000007b5580000)
  object space 349696K, 76% used [0x00000007a0000000,0x00000007b0501a08,0x00000007b5580000)
 Metaspace       used 30337K, capacity 30648K, committed 30976K, reserved 1077248K
  class space    used 3469K, capacity 3550K, committed 3584K, reserved 1048576K
Event: 40.315 GC heap after
Heap after GC invocations=37 (full 11):
 PSYoungGen      total 131584K, used 0K [0x00000007b5580000, 0x00000007c0000000, 0x00000007c0000000)
  eden space 95744K, 0% used [0x00000007b5580000,0x00000007b5580000,0x00000007bb300000)
  from space 35840K, 0% used [0x00000007bdd00000,0x00000007bdd00000,0x00000007c0000000)
  to   space 39424K, 0% used [0x00000007bb300000,0x00000007bb300000,0x00000007bd980000)
 ParOldGen       total 349696K, used 135494K [0x00000007a0000000, 0x00000007b5580000, 0x00000007b5580000)
  object space 349696K, 38% used [0x00000007a0000000,0x00000007a8451bb0,0x00000007b5580000)
 Metaspace       used 30337K, capacity 30648K, committed 30976K, reserved 1077248K
  class space    used 3469K, capacity 3550K, committed 3584K, reserved 1048576K
}
Event: 40.855 GC heap before
{Heap before GC invocations=38 (full 11):
 PSYoungGen      total 131584K, used 95744K [0x00000007b5580000, 0x00000007c0000000, 0x00000007c0000000)
  eden space 95744K, 100% used [0x00000007b5580000,0x00000007bb300000,0x00000007bb300000)
  from space 35840K, 0% used [0x00000007bdd00000,0x00000007bdd00000,0x00000007c0000000)
  to   space 39424K, 0% used [0x00000007bb300000,0x00000007bb300000,0x00000007bd980000)
 ParOldGen       total 349696K, used 228806K [0x00000007a0000000, 0x00000007b5580000, 0x00000007b5580000)
  object space 349696K, 65% used [0x00000007a0000000,0x00000007adf71bc0,0x00000007b5580000)
 Metaspace       used 30337K, capacity 30648K, committed 30976K, reserved 1077248K
  class space    used 3469K, capacity 3550K, committed 3584K, reserved 1048576K
Event: 40.856 GC heap after
Heap after GC invocations=38 (full 11):
 PSYoungGen      total 135168K, used 2112K [0x00000007b5580000, 0x00000007c0000000, 0x00000007c0000000)
  eden space 95744K, 0% used [0x00000007b5580000,0x00000007b5580000,0x00000007bb300000)
  from space 39424K, 5% used [0x00000007bb300000,0x00000007bb510010,0x00000007bd980000)
  to   space 38400K, 0% used [0x00000007bda80000,0x00000007bda80000,0x00000007c0000000)
 ParOldGen       total 349696K, used 228806K [0x00000007a0000000, 0x00000007b5580000, 0x00000007b5580000)
  object space 349696K, 65% used [0x00000007a0000000,0x00000007adf71bc0,0x00000007b5580000)
 Metaspace       used 30337K, capacity 30648K, committed 30976K, reserved 1077248K
  class space    used 3469K, capacity 3550K, committed 3584K, reserved 1048576K
}
Event: 41.075 GC heap before
{Heap before GC invocations=39 (full 11):
 PSYoungGen      total 135168K, used 97856K [0x00000007b5580000, 0x00000007c0000000, 0x00000007c0000000)
  eden space 95744K, 100% used [0x00000007b5580000,0x00000007bb300000,0x00000007bb300000)
  from space 39424K, 5% used [0x00000007bb300000,0x00000007bb510010,0x00000007bd980000)
  to   space 38400K, 0% used [0x00000007bda80000,0x00000007bda80000,0x00000007c0000000)
 ParOldGen       total 349696K, used 228806K [0x00000007a0000000, 0x00000007b5580000, 0x00000007b5580000)
  object space 349696K, 65% used [0x00000007a0000000,0x00000007adf71bc0,0x00000007b5580000)
 Metaspace       used 30337K, capacity 30648K, committed 30976K, reserved 1077248K
  class space    used 3469K, capacity 3550K, committed 3584K, reserved 1048576K
Event: 41.077 GC heap after
Heap after GC invocations=39 (full 11):
 PSYoungGen      total 131072K, used 2144K [0x00000007b5580000, 0x00000007bfc00000, 0x00000007c0000000)
  eden space 96768K, 0% used [0x00000007b5580000,0x00000007b5580000,0x00000007bb400000)
  from space 34304K, 6% used [0x00000007bda80000,0x00000007bdc98010,0x00000007bfc00000)
  to   space 36864K, 0% used [0x00000007bb400000,0x00000007bb400000,0x00000007bd800000)
 ParOldGen       total 349696K, used 228806K [0x00000007a0000000, 0x00000007b5580000, 0x00000007b5580000)
  object space 349696K, 65% used [0x00000007a0000000,0x00000007adf71bc0,0x00000007b5580000)
 Metaspace       used 30337K, capacity 30648K, committed 30976K, reserved 1077248K
  class space    used 3469K, capacity 3550K, committed 3584K, reserved 1048576K
}
Event: 52.079 GC heap before
{Heap before GC invocations=40 (full 11):
 PSYoungGen      total 131072K, used 83141K [0x00000007b5580000, 0x00000007bfc00000, 0x00000007c0000000)
  eden space 96768K, 83% used [0x00000007b5580000,0x00000007ba4995f8,0x00000007bb400000)
  from space 34304K, 6% used [0x00000007bda80000,0x00000007bdc98010,0x00000007bfc00000)
  to   space 36864K, 0% used [0x00000007bb400000,0x00000007bb400000,0x00000007bd800000)
 ParOldGen       total 349696K, used 228806K [0x00000007a0000000, 0x00000007b5580000, 0x00000007b5580000)
  object space 349696K, 65% used [0x00000007a0000000,0x00000007adf71bc0,0x00000007b5580000)
 Metaspace       used 30353K, capacity 30648K, committed 30976K, reserved 1077248K
  class space    used 3470K, capacity 3550K, committed 3584K, reserved 1048576K
Event: 52.084 GC heap after
Heap after GC invocations=40 (full 11):
 PSYoungGen      total 133632K, used 5997K [0x00000007b5580000, 0x00000007bfe80000, 0x00000007c0000000)
  eden space 96768K, 0% used [0x00000007b5580000,0x00000007b5580000,0x00000007bb400000)
  from space 36864K, 16% used [0x00000007bb400000,0x00000007bb9db458,0x00000007bd800000)
  to   space 34816K, 0% used [0x00000007bdc80000,0x00000007bdc80000,0x00000007bfe80000)
 ParOldGen       total 349696K, used 228814K [0x00000007a0000000, 0x00000007b5580000, 0x00000007b5580000)
  object space 349696K, 65% used [0x00000007a0000000,0x00000007adf73bc0,0x00000007b5580000)
 Metaspace       used 30353K, capacity 30648K, committed 30976K, reserved 1077248K
  class space    used 3470K, capacity 3550K, committed 3584K, reserved 1048576K
}

