<?xml version="1.0" encoding="UTF-8"?>
<testsuite name="org.hipi.tools.test.DownloaderTests" tests="2" skipped="0" failures="0" errors="0" timestamp="2015-08-11T18:45:19" hostname="Zacks-MacBook-Pro.local" time="137.3">
  <properties/>
  <testcase name="testFlickrDownloader" classname="org.hipi.tools.test.DownloaderTests" time="82.584"/>
  <testcase name="testDownloader" classname="org.hipi.tools.test.DownloaderTests" time="54.715"/>
  <system-out><![CDATA[hadoop fs -rm -r -f testout
<STDOUT>
/usr/local/Cellar/hadoop/2.6.0/libexec/etc/hadoop:/usr/local/Cellar/hadoop/2.6.0/libexec/share/hadoop/common/lib/*:/usr/local/Cellar/hadoop/2.6.0/libexec/share/hadoop/common/*:/usr/local/Cellar/hadoop/2.6.0/libexec/share/hadoop/hdfs:/usr/local/Cellar/hadoop/2.6.0/libexec/share/hadoop/hdfs/lib/*:/usr/local/Cellar/hadoop/2.6.0/libexec/share/hadoop/hdfs/*:/usr/local/Cellar/hadoop/2.6.0/libexec/share/hadoop/yarn/lib/*:/usr/local/Cellar/hadoop/2.6.0/libexec/share/hadoop/yarn/*:/usr/local/Cellar/hadoop/2.6.0/libexec/share/hadoop/mapreduce/lib/*:/usr/local/Cellar/hadoop/2.6.0/libexec/share/hadoop/mapreduce/*:/contrib/capacity-scheduler/*.jar
/Library/Java/JavaVirtualMachines/jdk1.8.0_51.jdk/Contents/Home/bin/java -Xmx1000m -Djava.net.preferIPv4Stack=true -Djava.security.krb5.realm= -Djava.security.krb5.kdc= -Dhadoop.log.dir=/usr/local/Cellar/hadoop/2.6.0/libexec/logs -Dhadoop.log.file=hadoop.log -Dhadoop.home.dir=/usr/local/Cellar/hadoop/2.6.0/libexec -Dhadoop.id.str=zverham -Dhadoop.root.logger=INFO,console -Dhadoop.policy.file=hadoop-policy.xml -Djava.net.preferIPv4Stack=true -Xmx512m -Dhadoop.security.logger=INFO,NullAppender org.apache.hadoop.fs.FsShell -rm -r -f testout
</STDOUT>
<STDERR>
15/08/11 14:45:00 WARN util.NativeCodeLoader: Unable to load native-hadoop library for your platform... using builtin-java classes where applicable
</STDERR>
EXITVAL: 0
hadoop fs -mkdir -p testout
<STDOUT>
/usr/local/Cellar/hadoop/2.6.0/libexec/etc/hadoop:/usr/local/Cellar/hadoop/2.6.0/libexec/share/hadoop/common/lib/*:/usr/local/Cellar/hadoop/2.6.0/libexec/share/hadoop/common/*:/usr/local/Cellar/hadoop/2.6.0/libexec/share/hadoop/hdfs:/usr/local/Cellar/hadoop/2.6.0/libexec/share/hadoop/hdfs/lib/*:/usr/local/Cellar/hadoop/2.6.0/libexec/share/hadoop/hdfs/*:/usr/local/Cellar/hadoop/2.6.0/libexec/share/hadoop/yarn/lib/*:/usr/local/Cellar/hadoop/2.6.0/libexec/share/hadoop/yarn/*:/usr/local/Cellar/hadoop/2.6.0/libexec/share/hadoop/mapreduce/lib/*:/usr/local/Cellar/hadoop/2.6.0/libexec/share/hadoop/mapreduce/*:/contrib/capacity-scheduler/*.jar
/Library/Java/JavaVirtualMachines/jdk1.8.0_51.jdk/Contents/Home/bin/java -Xmx1000m -Djava.net.preferIPv4Stack=true -Djava.security.krb5.realm= -Djava.security.krb5.kdc= -Dhadoop.log.dir=/usr/local/Cellar/hadoop/2.6.0/libexec/logs -Dhadoop.log.file=hadoop.log -Dhadoop.home.dir=/usr/local/Cellar/hadoop/2.6.0/libexec -Dhadoop.id.str=zverham -Dhadoop.root.logger=INFO,console -Dhadoop.policy.file=hadoop-policy.xml -Djava.net.preferIPv4Stack=true -Xmx512m -Dhadoop.security.logger=INFO,NullAppender org.apache.hadoop.fs.FsShell -mkdir -p testout
</STDOUT>
<STDERR>
15/08/11 14:45:02 WARN util.NativeCodeLoader: Unable to load native-hadoop library for your platform... using builtin-java classes where applicable
</STDERR>
EXITVAL: 0
hadoop fs -mkdir -p testout/downloader_src
<STDOUT>
/usr/local/Cellar/hadoop/2.6.0/libexec/etc/hadoop:/usr/local/Cellar/hadoop/2.6.0/libexec/share/hadoop/common/lib/*:/usr/local/Cellar/hadoop/2.6.0/libexec/share/hadoop/common/*:/usr/local/Cellar/hadoop/2.6.0/libexec/share/hadoop/hdfs:/usr/local/Cellar/hadoop/2.6.0/libexec/share/hadoop/hdfs/lib/*:/usr/local/Cellar/hadoop/2.6.0/libexec/share/hadoop/hdfs/*:/usr/local/Cellar/hadoop/2.6.0/libexec/share/hadoop/yarn/lib/*:/usr/local/Cellar/hadoop/2.6.0/libexec/share/hadoop/yarn/*:/usr/local/Cellar/hadoop/2.6.0/libexec/share/hadoop/mapreduce/lib/*:/usr/local/Cellar/hadoop/2.6.0/libexec/share/hadoop/mapreduce/*:/contrib/capacity-scheduler/*.jar
/Library/Java/JavaVirtualMachines/jdk1.8.0_51.jdk/Contents/Home/bin/java -Xmx1000m -Djava.net.preferIPv4Stack=true -Djava.security.krb5.realm= -Djava.security.krb5.kdc= -Dhadoop.log.dir=/usr/local/Cellar/hadoop/2.6.0/libexec/logs -Dhadoop.log.file=hadoop.log -Dhadoop.home.dir=/usr/local/Cellar/hadoop/2.6.0/libexec -Dhadoop.id.str=zverham -Dhadoop.root.logger=INFO,console -Dhadoop.policy.file=hadoop-policy.xml -Djava.net.preferIPv4Stack=true -Xmx512m -Dhadoop.security.logger=INFO,NullAppender org.apache.hadoop.fs.FsShell -mkdir -p testout/downloader_src
</STDOUT>
<STDERR>
15/08/11 14:45:04 WARN util.NativeCodeLoader: Unable to load native-hadoop library for your platform... using builtin-java classes where applicable
</STDERR>
EXITVAL: 0
hadoop fs -mkdir -p testout/flickr_src
<STDOUT>
/usr/local/Cellar/hadoop/2.6.0/libexec/etc/hadoop:/usr/local/Cellar/hadoop/2.6.0/libexec/share/hadoop/common/lib/*:/usr/local/Cellar/hadoop/2.6.0/libexec/share/hadoop/common/*:/usr/local/Cellar/hadoop/2.6.0/libexec/share/hadoop/hdfs:/usr/local/Cellar/hadoop/2.6.0/libexec/share/hadoop/hdfs/lib/*:/usr/local/Cellar/hadoop/2.6.0/libexec/share/hadoop/hdfs/*:/usr/local/Cellar/hadoop/2.6.0/libexec/share/hadoop/yarn/lib/*:/usr/local/Cellar/hadoop/2.6.0/libexec/share/hadoop/yarn/*:/usr/local/Cellar/hadoop/2.6.0/libexec/share/hadoop/mapreduce/lib/*:/usr/local/Cellar/hadoop/2.6.0/libexec/share/hadoop/mapreduce/*:/contrib/capacity-scheduler/*.jar
/Library/Java/JavaVirtualMachines/jdk1.8.0_51.jdk/Contents/Home/bin/java -Xmx1000m -Djava.net.preferIPv4Stack=true -Djava.security.krb5.realm= -Djava.security.krb5.kdc= -Dhadoop.log.dir=/usr/local/Cellar/hadoop/2.6.0/libexec/logs -Dhadoop.log.file=hadoop.log -Dhadoop.home.dir=/usr/local/Cellar/hadoop/2.6.0/libexec -Dhadoop.id.str=zverham -Dhadoop.root.logger=INFO,console -Dhadoop.policy.file=hadoop-policy.xml -Djava.net.preferIPv4Stack=true -Xmx512m -Dhadoop.security.logger=INFO,NullAppender org.apache.hadoop.fs.FsShell -mkdir -p testout/flickr_src
</STDOUT>
<STDERR>
15/08/11 14:45:06 WARN util.NativeCodeLoader: Unable to load native-hadoop library for your platform... using builtin-java classes where applicable
</STDERR>
EXITVAL: 0
hadoop fs -mkdir -p testout/flickr_bz2_src
<STDOUT>
/usr/local/Cellar/hadoop/2.6.0/libexec/etc/hadoop:/usr/local/Cellar/hadoop/2.6.0/libexec/share/hadoop/common/lib/*:/usr/local/Cellar/hadoop/2.6.0/libexec/share/hadoop/common/*:/usr/local/Cellar/hadoop/2.6.0/libexec/share/hadoop/hdfs:/usr/local/Cellar/hadoop/2.6.0/libexec/share/hadoop/hdfs/lib/*:/usr/local/Cellar/hadoop/2.6.0/libexec/share/hadoop/hdfs/*:/usr/local/Cellar/hadoop/2.6.0/libexec/share/hadoop/yarn/lib/*:/usr/local/Cellar/hadoop/2.6.0/libexec/share/hadoop/yarn/*:/usr/local/Cellar/hadoop/2.6.0/libexec/share/hadoop/mapreduce/lib/*:/usr/local/Cellar/hadoop/2.6.0/libexec/share/hadoop/mapreduce/*:/contrib/capacity-scheduler/*.jar
/Library/Java/JavaVirtualMachines/jdk1.8.0_51.jdk/Contents/Home/bin/java -Xmx1000m -Djava.net.preferIPv4Stack=true -Djava.security.krb5.realm= -Djava.security.krb5.kdc= -Dhadoop.log.dir=/usr/local/Cellar/hadoop/2.6.0/libexec/logs -Dhadoop.log.file=hadoop.log -Dhadoop.home.dir=/usr/local/Cellar/hadoop/2.6.0/libexec -Dhadoop.id.str=zverham -Dhadoop.root.logger=INFO,console -Dhadoop.policy.file=hadoop-policy.xml -Djava.net.preferIPv4Stack=true -Xmx512m -Dhadoop.security.logger=INFO,NullAppender org.apache.hadoop.fs.FsShell -mkdir -p testout/flickr_bz2_src
</STDOUT>
<STDERR>
15/08/11 14:45:08 WARN util.NativeCodeLoader: Unable to load native-hadoop library for your platform... using builtin-java classes where applicable
</STDERR>
EXITVAL: 0
hadoop fs -copyFromLocal ../../testdata/downloader-images.txt testout/downloader_src/downloader-images.txt
<STDOUT>
/usr/local/Cellar/hadoop/2.6.0/libexec/etc/hadoop:/usr/local/Cellar/hadoop/2.6.0/libexec/share/hadoop/common/lib/*:/usr/local/Cellar/hadoop/2.6.0/libexec/share/hadoop/common/*:/usr/local/Cellar/hadoop/2.6.0/libexec/share/hadoop/hdfs:/usr/local/Cellar/hadoop/2.6.0/libexec/share/hadoop/hdfs/lib/*:/usr/local/Cellar/hadoop/2.6.0/libexec/share/hadoop/hdfs/*:/usr/local/Cellar/hadoop/2.6.0/libexec/share/hadoop/yarn/lib/*:/usr/local/Cellar/hadoop/2.6.0/libexec/share/hadoop/yarn/*:/usr/local/Cellar/hadoop/2.6.0/libexec/share/hadoop/mapreduce/lib/*:/usr/local/Cellar/hadoop/2.6.0/libexec/share/hadoop/mapreduce/*:/contrib/capacity-scheduler/*.jar
/Library/Java/JavaVirtualMachines/jdk1.8.0_51.jdk/Contents/Home/bin/java -Xmx1000m -Djava.net.preferIPv4Stack=true -Djava.security.krb5.realm= -Djava.security.krb5.kdc= -Dhadoop.log.dir=/usr/local/Cellar/hadoop/2.6.0/libexec/logs -Dhadoop.log.file=hadoop.log -Dhadoop.home.dir=/usr/local/Cellar/hadoop/2.6.0/libexec -Dhadoop.id.str=zverham -Dhadoop.root.logger=INFO,console -Dhadoop.policy.file=hadoop-policy.xml -Djava.net.preferIPv4Stack=true -Xmx512m -Dhadoop.security.logger=INFO,NullAppender org.apache.hadoop.fs.FsShell -copyFromLocal ../../testdata/downloader-images.txt testout/downloader_src/downloader-images.txt
</STDOUT>
<STDERR>
15/08/11 14:45:09 WARN util.NativeCodeLoader: Unable to load native-hadoop library for your platform... using builtin-java classes where applicable
</STDERR>
EXITVAL: 0
hadoop fs -copyFromLocal ../../testdata/yfcc100m_dataset-100-temp-0 testout/flickr_src/yfcc100m_dataset-100-temp-0
<STDOUT>
/usr/local/Cellar/hadoop/2.6.0/libexec/etc/hadoop:/usr/local/Cellar/hadoop/2.6.0/libexec/share/hadoop/common/lib/*:/usr/local/Cellar/hadoop/2.6.0/libexec/share/hadoop/common/*:/usr/local/Cellar/hadoop/2.6.0/libexec/share/hadoop/hdfs:/usr/local/Cellar/hadoop/2.6.0/libexec/share/hadoop/hdfs/lib/*:/usr/local/Cellar/hadoop/2.6.0/libexec/share/hadoop/hdfs/*:/usr/local/Cellar/hadoop/2.6.0/libexec/share/hadoop/yarn/lib/*:/usr/local/Cellar/hadoop/2.6.0/libexec/share/hadoop/yarn/*:/usr/local/Cellar/hadoop/2.6.0/libexec/share/hadoop/mapreduce/lib/*:/usr/local/Cellar/hadoop/2.6.0/libexec/share/hadoop/mapreduce/*:/contrib/capacity-scheduler/*.jar
/Library/Java/JavaVirtualMachines/jdk1.8.0_51.jdk/Contents/Home/bin/java -Xmx1000m -Djava.net.preferIPv4Stack=true -Djava.security.krb5.realm= -Djava.security.krb5.kdc= -Dhadoop.log.dir=/usr/local/Cellar/hadoop/2.6.0/libexec/logs -Dhadoop.log.file=hadoop.log -Dhadoop.home.dir=/usr/local/Cellar/hadoop/2.6.0/libexec -Dhadoop.id.str=zverham -Dhadoop.root.logger=INFO,console -Dhadoop.policy.file=hadoop-policy.xml -Djava.net.preferIPv4Stack=true -Xmx512m -Dhadoop.security.logger=INFO,NullAppender org.apache.hadoop.fs.FsShell -copyFromLocal ../../testdata/yfcc100m_dataset-100-temp-0 testout/flickr_src/yfcc100m_dataset-100-temp-0
</STDOUT>
<STDERR>
15/08/11 14:45:12 WARN util.NativeCodeLoader: Unable to load native-hadoop library for your platform... using builtin-java classes where applicable
</STDERR>
EXITVAL: 0
hadoop fs -copyFromLocal ../../testdata/yfcc100m_dataset-100-temp-1 testout/flickr_src/yfcc100m_dataset-100-temp-1
<STDOUT>
/usr/local/Cellar/hadoop/2.6.0/libexec/etc/hadoop:/usr/local/Cellar/hadoop/2.6.0/libexec/share/hadoop/common/lib/*:/usr/local/Cellar/hadoop/2.6.0/libexec/share/hadoop/common/*:/usr/local/Cellar/hadoop/2.6.0/libexec/share/hadoop/hdfs:/usr/local/Cellar/hadoop/2.6.0/libexec/share/hadoop/hdfs/lib/*:/usr/local/Cellar/hadoop/2.6.0/libexec/share/hadoop/hdfs/*:/usr/local/Cellar/hadoop/2.6.0/libexec/share/hadoop/yarn/lib/*:/usr/local/Cellar/hadoop/2.6.0/libexec/share/hadoop/yarn/*:/usr/local/Cellar/hadoop/2.6.0/libexec/share/hadoop/mapreduce/lib/*:/usr/local/Cellar/hadoop/2.6.0/libexec/share/hadoop/mapreduce/*:/contrib/capacity-scheduler/*.jar
/Library/Java/JavaVirtualMachines/jdk1.8.0_51.jdk/Contents/Home/bin/java -Xmx1000m -Djava.net.preferIPv4Stack=true -Djava.security.krb5.realm= -Djava.security.krb5.kdc= -Dhadoop.log.dir=/usr/local/Cellar/hadoop/2.6.0/libexec/logs -Dhadoop.log.file=hadoop.log -Dhadoop.home.dir=/usr/local/Cellar/hadoop/2.6.0/libexec -Dhadoop.id.str=zverham -Dhadoop.root.logger=INFO,console -Dhadoop.policy.file=hadoop-policy.xml -Djava.net.preferIPv4Stack=true -Xmx512m -Dhadoop.security.logger=INFO,NullAppender org.apache.hadoop.fs.FsShell -copyFromLocal ../../testdata/yfcc100m_dataset-100-temp-1 testout/flickr_src/yfcc100m_dataset-100-temp-1
</STDOUT>
<STDERR>
15/08/11 14:45:14 WARN util.NativeCodeLoader: Unable to load native-hadoop library for your platform... using builtin-java classes where applicable
</STDERR>
EXITVAL: 0
hadoop fs -copyFromLocal ../../testdata/yfcc100m_dataset-100-temp-0.bz2 testout/flickr_bz2_src/yfcc100m_dataset-100-temp-0.bz2
<STDOUT>
/usr/local/Cellar/hadoop/2.6.0/libexec/etc/hadoop:/usr/local/Cellar/hadoop/2.6.0/libexec/share/hadoop/common/lib/*:/usr/local/Cellar/hadoop/2.6.0/libexec/share/hadoop/common/*:/usr/local/Cellar/hadoop/2.6.0/libexec/share/hadoop/hdfs:/usr/local/Cellar/hadoop/2.6.0/libexec/share/hadoop/hdfs/lib/*:/usr/local/Cellar/hadoop/2.6.0/libexec/share/hadoop/hdfs/*:/usr/local/Cellar/hadoop/2.6.0/libexec/share/hadoop/yarn/lib/*:/usr/local/Cellar/hadoop/2.6.0/libexec/share/hadoop/yarn/*:/usr/local/Cellar/hadoop/2.6.0/libexec/share/hadoop/mapreduce/lib/*:/usr/local/Cellar/hadoop/2.6.0/libexec/share/hadoop/mapreduce/*:/contrib/capacity-scheduler/*.jar
/Library/Java/JavaVirtualMachines/jdk1.8.0_51.jdk/Contents/Home/bin/java -Xmx1000m -Djava.net.preferIPv4Stack=true -Djava.security.krb5.realm= -Djava.security.krb5.kdc= -Dhadoop.log.dir=/usr/local/Cellar/hadoop/2.6.0/libexec/logs -Dhadoop.log.file=hadoop.log -Dhadoop.home.dir=/usr/local/Cellar/hadoop/2.6.0/libexec -Dhadoop.id.str=zverham -Dhadoop.root.logger=INFO,console -Dhadoop.policy.file=hadoop-policy.xml -Djava.net.preferIPv4Stack=true -Xmx512m -Dhadoop.security.logger=INFO,NullAppender org.apache.hadoop.fs.FsShell -copyFromLocal ../../testdata/yfcc100m_dataset-100-temp-0.bz2 testout/flickr_bz2_src/yfcc100m_dataset-100-temp-0.bz2
</STDOUT>
<STDERR>
15/08/11 14:45:16 WARN util.NativeCodeLoader: Unable to load native-hadoop library for your platform... using builtin-java classes where applicable
</STDERR>
EXITVAL: 0
hadoop fs -copyFromLocal ../../testdata/yfcc100m_dataset-100-temp-1.bz2 testout/flickr_bz2_src/yfcc100m_dataset-100-temp-1.bz2
<STDOUT>
/usr/local/Cellar/hadoop/2.6.0/libexec/etc/hadoop:/usr/local/Cellar/hadoop/2.6.0/libexec/share/hadoop/common/lib/*:/usr/local/Cellar/hadoop/2.6.0/libexec/share/hadoop/common/*:/usr/local/Cellar/hadoop/2.6.0/libexec/share/hadoop/hdfs:/usr/local/Cellar/hadoop/2.6.0/libexec/share/hadoop/hdfs/lib/*:/usr/local/Cellar/hadoop/2.6.0/libexec/share/hadoop/hdfs/*:/usr/local/Cellar/hadoop/2.6.0/libexec/share/hadoop/yarn/lib/*:/usr/local/Cellar/hadoop/2.6.0/libexec/share/hadoop/yarn/*:/usr/local/Cellar/hadoop/2.6.0/libexec/share/hadoop/mapreduce/lib/*:/usr/local/Cellar/hadoop/2.6.0/libexec/share/hadoop/mapreduce/*:/contrib/capacity-scheduler/*.jar
/Library/Java/JavaVirtualMachines/jdk1.8.0_51.jdk/Contents/Home/bin/java -Xmx1000m -Djava.net.preferIPv4Stack=true -Djava.security.krb5.realm= -Djava.security.krb5.kdc= -Dhadoop.log.dir=/usr/local/Cellar/hadoop/2.6.0/libexec/logs -Dhadoop.log.file=hadoop.log -Dhadoop.home.dir=/usr/local/Cellar/hadoop/2.6.0/libexec -Dhadoop.id.str=zverham -Dhadoop.root.logger=INFO,console -Dhadoop.policy.file=hadoop-policy.xml -Djava.net.preferIPv4Stack=true -Xmx512m -Dhadoop.security.logger=INFO,NullAppender org.apache.hadoop.fs.FsShell -copyFromLocal ../../testdata/yfcc100m_dataset-100-temp-1.bz2 testout/flickr_bz2_src/yfcc100m_dataset-100-temp-1.bz2
</STDOUT>
<STDERR>
15/08/11 14:45:18 WARN util.NativeCodeLoader: Unable to load native-hadoop library for your platform... using builtin-java classes where applicable
</STDERR>
EXITVAL: 0
../downloader.sh --yfcc100m -f testout/flickr_src testout/flickr.hib
<STDOUT>
/usr/local/Cellar/hadoop/2.6.0/libexec/etc/hadoop:/usr/local/Cellar/hadoop/2.6.0/libexec/share/hadoop/common/lib/*:/usr/local/Cellar/hadoop/2.6.0/libexec/share/hadoop/common/*:/usr/local/Cellar/hadoop/2.6.0/libexec/share/hadoop/hdfs:/usr/local/Cellar/hadoop/2.6.0/libexec/share/hadoop/hdfs/lib/*:/usr/local/Cellar/hadoop/2.6.0/libexec/share/hadoop/hdfs/*:/usr/local/Cellar/hadoop/2.6.0/libexec/share/hadoop/yarn/lib/*:/usr/local/Cellar/hadoop/2.6.0/libexec/share/hadoop/yarn/*:/usr/local/Cellar/hadoop/2.6.0/libexec/share/hadoop/mapreduce/lib/*:/usr/local/Cellar/hadoop/2.6.0/libexec/share/hadoop/mapreduce/*:/contrib/capacity-scheduler/*.jar
/Library/Java/JavaVirtualMachines/jdk1.8.0_51.jdk/Contents/Home/bin/java -Xmx1000m -Djava.net.preferIPv4Stack=true -Djava.security.krb5.realm= -Djava.security.krb5.kdc= -Dhadoop.log.dir=/usr/local/Cellar/hadoop/2.6.0/libexec/logs -Dhadoop.log.file=hadoop.log -Dhadoop.home.dir=/usr/local/Cellar/hadoop/2.6.0/libexec -Dhadoop.id.str=zverham -Dhadoop.root.logger=INFO,console -Dhadoop.policy.file=hadoop-policy.xml -Djava.net.preferIPv4Stack=true -Xmx512m -Dhadoop.security.logger=INFO,NullAppender org.apache.hadoop.util.RunJar ../downloader/build/libs/downloader.jar --yfcc100m -f testout/flickr_src testout/flickr.hib
Source directory: testout/flickr_src
Output HIB: testout/flickr.hib
Overwrite output HIB if it exists: true
YFCC100M format: true
Number of download nodes: 1
  Adding source file: hdfs://localhost:9000/user/zverham/testout/flickr_src/yfcc100m_dataset-100-temp-0
  Adding source file: hdfs://localhost:9000/user/zverham/testout/flickr_src/yfcc100m_dataset-100-temp-1
Unique host: 0
Tried to get 1 unique nodes, found 1 unique nodes.
Determined 100 images listed in: yfcc100m_dataset-100-temp-0
Single node will download 100 images
Determined 100 images listed in: yfcc100m_dataset-100-temp-1
Single node will download 100 images
DownloaderRecordReader progress 100 of 100 (100.00%)
HIPI: Using default blockSize of [134217728].
HIPI: Using default replication factor of [1].

Downloading: http://farm8.staticflickr.com/7205/6985418911_df7747990d.jpg
Number of downloads: 1
Unrecognized HTTP content type or unsupported image format [text/html; charset=utf-8], not added to HIB: http://farm8.staticflickr.com/7205/6985418911_df7747990d.jpg
> Time elapsed: 0.381 seconds

Downloading: http://farm6.staticflickr.com/5465/10201275523_3e6ea67c7f.jpg
Number of downloads: 2
> Time elapsed: 0.309 seconds

Downloading: http://farm4.staticflickr.com/3171/2297552664_1ee0e8855d.jpg
Number of downloads: 3
> Time elapsed: 0.347 seconds

Downloading: http://farm8.staticflickr.com/7231/7289030198_1f1ba44113.jpg
Number of downloads: 4
> Time elapsed: 0.239 seconds

Downloading: http://farm3.staticflickr.com/2565/4140939180_07aeded917.jpg
Number of downloads: 5
> Time elapsed: 0.323 seconds

Downloading: http://farm6.staticflickr.com/5468/9506922316_c19019e38f.jpg
Number of downloads: 6
> Time elapsed: 0.114 seconds

Downloading: http://farm5.staticflickr.com/4007/4436463882_b96a3d9df9.jpg
Number of downloads: 7
> Time elapsed: 0.218 seconds

Downloading: http://farm4.staticflickr.com/3373/4572998878_658b45226f.jpg
Number of downloads: 8
> Time elapsed: 0.105 seconds

Downloading: http://farm4.staticflickr.com/3819/9329902958_0bc80ce58a.jpg
Number of downloads: 9
Unrecognized HTTP content type or unsupported image format [text/html; charset=utf-8], not added to HIB: http://farm4.staticflickr.com/3819/9329902958_0bc80ce58a.jpg
> Time elapsed: 0.239 seconds

Downloading: http://farm4.staticflickr.com/3099/3174965401_2742004421.jpg
Number of downloads: 10
> Time elapsed: 0.248 seconds

Downloading: http://farm3.staticflickr.com/2526/3973434963_76c26e3c88.jpg
Number of downloads: 11
> Time elapsed: 0.171 seconds

Downloading: http://farm5.staticflickr.com/4038/5155593741_cc9a68fed6.jpg
Number of downloads: 12
Unrecognized HTTP content type or unsupported image format [text/html; charset=utf-8], not added to HIB: http://farm5.staticflickr.com/4038/5155593741_cc9a68fed6.jpg
> Time elapsed: 0.467 seconds

Downloading: http://farm4.staticflickr.com/3026/2932067831_8885c3d53f.jpg
Number of downloads: 13
> Time elapsed: 0.255 seconds

Downloading: http://farm4.staticflickr.com/3095/2321187909_795200a114.jpg
Number of downloads: 14
> Time elapsed: 0.142 seconds

Downloading: http://farm4.staticflickr.com/3439/3710430638_34fd985a7f.jpg
Number of downloads: 15
> Time elapsed: 0.099 seconds

Downloading: http://farm5.staticflickr.com/4135/4923770586_97d7afb3ea.jpg
Number of downloads: 16
> Time elapsed: 0.298 seconds

Downloading: http://farm9.staticflickr.com/8534/8645906636_c6639debd9.jpg
Number of downloads: 17
> Time elapsed: 0.346 seconds

Downloading: http://farm3.staticflickr.com/2335/2409783581_1b332bc6fe.jpg
Number of downloads: 18
> Time elapsed: 0.094 seconds

Downloading: http://farm3.staticflickr.com/2738/4445358691_2bd90336de.jpg
Number of downloads: 19
> Time elapsed: 0.215 seconds

Downloading: http://farm9.staticflickr.com/8014/7621544498_8f618c4196.jpg
Number of downloads: 20
> Time elapsed: 0.135 seconds

Downloading: http://farm2.staticflickr.com/1055/1076009973_41a52f4370.jpg
Number of downloads: 21
> Time elapsed: 0.158 seconds

Downloading: http://farm1.staticflickr.com/55/146525965_33e9068682.jpg
Number of downloads: 22
> Time elapsed: 0.452 seconds

Downloading: http://farm3.staticflickr.com/2161/2130815450_0840409dd4.jpg
Number of downloads: 23
> Time elapsed: 0.184 seconds

Downloading: http://farm2.staticflickr.com/1035/5177649120_7d14ae6d92.jpg
Number of downloads: 24
> Time elapsed: 0.261 seconds

Downloading: http://farm8.staticflickr.com/7168/6782131403_824e138c35.jpg
Number of downloads: 25
> Time elapsed: 0.153 seconds

Downloading: http://farm5.staticflickr.com/4050/4691911354_7e12df0fde.jpg
Number of downloads: 26
> Time elapsed: 0.161 seconds

Downloading: http://farm4.staticflickr.com/3216/3086286343_c9ae017d47.jpg
Number of downloads: 27
> Time elapsed: 0.175 seconds

Downloading: http://farm7.staticflickr.com/6090/6061869514_521c8c02f9.jpg
Number of downloads: 28
> Time elapsed: 0.296 seconds

Downloading: http://farm7.staticflickr.com/6199/6038815601_92229d4f3d.jpg
Number of downloads: 29
> Time elapsed: 0.22 seconds

Downloading: http://farm5.staticflickr.com/4103/5029833020_eeb01f89af.jpg
Number of downloads: 30
> Time elapsed: 0.15 seconds

Downloading: http://farm7.staticflickr.com/6090/6067452147_dcbb066928.jpg
Number of downloads: 31
> Time elapsed: 0.11 seconds

Downloading: http://farm4.staticflickr.com/3405/3332020862_c1c60e3047.jpg
Number of downloads: 32
> Time elapsed: 0.225 seconds

Downloading: http://farm1.staticflickr.com/25/54914084_b49142428c.jpg
Number of downloads: 33
> Time elapsed: 0.26 seconds

Downloading: http://farm8.staticflickr.com/7212/7306143410_f9c1dce061.jpg
Number of downloads: 34
> Time elapsed: 0.094 seconds

Downloading: http://farm4.staticflickr.com/3209/2764520341_91189bf885.jpg
Number of downloads: 35
> Time elapsed: 0.187 seconds

Downloading: http://farm4.staticflickr.com/3798/10059664093_31bbe4e1cc.jpg
Number of downloads: 36
> Time elapsed: 0.049 seconds

Downloading: http://farm7.staticflickr.com/6206/6109230411_fe1164f408.jpg
Number of downloads: 37
> Time elapsed: 0.175 seconds

Downloading: http://farm1.staticflickr.com/208/443651623_17a9470e51.jpg
Number of downloads: 38
> Time elapsed: 0.104 seconds

Downloading: http://farm9.staticflickr.com/8313/7985940853_4410b09dd6.jpg
Number of downloads: 39
> Time elapsed: 0.146 seconds

Downloading: http://farm2.staticflickr.com/1217/1041659293_2d9defe723.jpg
Number of downloads: 40
> Time elapsed: 0.181 seconds

Downloading: http://farm2.staticflickr.com/1075/1434150232_225d0c06bc.jpg
Number of downloads: 41
> Time elapsed: 0.17 seconds

Downloading: http://farm9.staticflickr.com/8294/7791574200_7ac7ee7875.jpg
Number of downloads: 42
> Time elapsed: 0.139 seconds

Downloading: http://farm4.staticflickr.com/3079/2656493496_9ae8b540ac.jpg
Number of downloads: 43
> Time elapsed: 0.12 seconds

Downloading: http://farm4.staticflickr.com/3043/2887640814_8accdaf390.jpg
Number of downloads: 44
> Time elapsed: 0.156 seconds

Downloading: http://farm8.staticflickr.com/7407/13122479325_034ec72bbb.jpg
Number of downloads: 45
> Time elapsed: 0.084 seconds

Downloading: http://farm3.staticflickr.com/2617/3898048530_fdf5f3fcec.jpg
Number of downloads: 46
> Time elapsed: 0.208 seconds

Downloading: http://farm9.staticflickr.com/8428/7744234248_42625dce7e.jpg
Number of downloads: 47
> Time elapsed: 0.042 seconds

Downloading: http://farm8.staticflickr.com/7393/10089959043_d6b194b8fd.jpg
Number of downloads: 48
> Time elapsed: 0.107 seconds

Downloading: http://farm7.staticflickr.com/6009/5910385331_5a68c60335.jpg
Number of downloads: 49
> Time elapsed: 0.082 seconds

Downloading: http://farm8.staticflickr.com/7306/9743459054_d3ca24036e.jpg
Number of downloads: 50
> Time elapsed: 0.141 seconds

Downloading: http://farm8.staticflickr.com/7040/6829436502_c2bb784c07.jpg
Number of downloads: 51
> Time elapsed: 0.123 seconds

Downloading: http://farm3.staticflickr.com/2321/2245962407_282665cc94.jpg
Number of downloads: 52
> Time elapsed: 0.426 seconds

Downloading: http://farm4.staticflickr.com/3584/5796357571_3bc09354c9.jpg
Number of downloads: 53
> Time elapsed: 0.156 seconds

Downloading: http://farm4.staticflickr.com/3674/9331863230_b537b7531e.jpg
Number of downloads: 54
> Time elapsed: 0.118 seconds

Downloading: http://farm3.staticflickr.com/2147/2282612229_9e619f5584.jpg
Number of downloads: 55
> Time elapsed: 0.247 seconds

Downloading: http://farm9.staticflickr.com/8072/8319028288_4dc7edc96f.jpg
Number of downloads: 56
> Time elapsed: 0.042 seconds

Downloading: http://farm1.staticflickr.com/50/144613684_47427652de.jpg
Number of downloads: 57
> Time elapsed: 0.112 seconds

Downloading: http://farm2.staticflickr.com/1438/1222635056_92c500eded.jpg
Number of downloads: 58
> Time elapsed: 0.133 seconds

Downloading: http://farm8.staticflickr.com/7123/7455047810_ea5b10a7a9.jpg
Number of downloads: 59
> Time elapsed: 0.074 seconds

Downloading: http://farm7.staticflickr.com/6125/5975790170_5d63ed0e92.jpg
Number of downloads: 60
> Time elapsed: 0.142 seconds

Downloading: http://farm6.staticflickr.com/5461/9703646635_e7d37aa989.jpg
Number of downloads: 61
> Time elapsed: 0.293 seconds

Downloading: http://farm5.staticflickr.com/4053/4224177264_87a841e2b6.jpg
Number of downloads: 62
> Time elapsed: 0.267 seconds

Downloading: http://farm4.staticflickr.com/3526/5787850880_c28221457b.jpg
Number of downloads: 63
> Time elapsed: 0.175 seconds

Downloading: http://farm4.staticflickr.com/3657/3620338550_c3b0213b9f.jpg
Number of downloads: 64
> Time elapsed: 0.778 seconds

Downloading: http://farm4.staticflickr.com/3210/3666686294_8fd14356e2.jpg
Number of downloads: 65
> Time elapsed: 0.349 seconds

Downloading: http://farm1.staticflickr.com/184/375410166_f66bb309c6.jpg
Number of downloads: 66
> Time elapsed: 0.1 seconds

Downloading: http://farm8.staticflickr.com/7101/7165128731_656467c69e.jpg
Number of downloads: 67
> Time elapsed: 0.227 seconds

Downloading: http://farm7.staticflickr.com/6043/5903761694_73925517b5.jpg
Number of downloads: 68
> Time elapsed: 0.173 seconds

Downloading: http://farm6.staticflickr.com/5075/7196543710_eea9ce01b3.jpg
Number of downloads: 69
> Time elapsed: 0.148 seconds

Downloading: http://farm9.staticflickr.com/8246/8464603875_34e8f14884.jpg
Number of downloads: 70
> Time elapsed: 0.107 seconds

Downloading: http://farm4.staticflickr.com/3759/13659370614_823bd070a1.jpg
Number of downloads: 71
Unrecognized HTTP content type or unsupported image format [text/html; charset=utf-8], not added to HIB: http://farm4.staticflickr.com/3759/13659370614_823bd070a1.jpg
> Time elapsed: 0.334 seconds

Downloading: http://farm4.staticflickr.com/3041/3098043471_108d6edd60.jpg
Number of downloads: 72
> Time elapsed: 0.233 seconds

Downloading: http://farm3.staticflickr.com/2602/4150320891_709b4401cb.jpg
Number of downloads: 73
> Time elapsed: 0.298 seconds

Downloading: http://farm3.staticflickr.com/2357/2388491692_0542b06246.jpg
Number of downloads: 74
> Time elapsed: 0.289 seconds

Downloading: http://farm4.staticflickr.com/3099/2717615201_627d83b37a.jpg
Number of downloads: 75
> Time elapsed: 0.126 seconds

Downloading: http://farm8.staticflickr.com/7175/6765218563_3198a40f0c.jpg
Number of downloads: 76
> Time elapsed: 0.178 seconds

Downloading: http://farm2.staticflickr.com/1155/544326859_1292786727.jpg
Number of downloads: 77
> Time elapsed: 0.087 seconds

Downloading: http://farm6.staticflickr.com/5249/5238240996_3142fe530c.jpg
Number of downloads: 78
> Time elapsed: 0.164 seconds

Downloading: http://farm1.staticflickr.com/46/149980782_8bc50a9717.jpg
Number of downloads: 79
> Time elapsed: 0.125 seconds

Downloading: http://farm3.staticflickr.com/2408/1972856039_12f850d31d.jpg
Number of downloads: 80
> Time elapsed: 0.284 seconds

Downloading: http://farm5.staticflickr.com/4126/4837233500_424bf2a4f2.jpg
Number of downloads: 81
> Time elapsed: 0.394 seconds

Downloading: http://farm3.staticflickr.com/2137/2578705815_49c1400479.jpg
Number of downloads: 82
> Time elapsed: 0.281 seconds

Downloading: http://farm4.staticflickr.com/3603/3320208977_0053ba8cb9.jpg
Number of downloads: 83
> Time elapsed: 0.239 seconds

Downloading: http://farm1.staticflickr.com/41/118376111_d7a9563580.jpg
Number of downloads: 84
> Time elapsed: 0.522 seconds

Downloading: http://farm3.staticflickr.com/2007/2500836783_ec18e91218.jpg
Number of downloads: 85
> Time elapsed: 0.102 seconds

Downloading: http://farm3.staticflickr.com/2312/2074502993_ce32f18996.jpg
Number of downloads: 86
> Time elapsed: 0.314 seconds

Downloading: http://farm6.staticflickr.com/5029/5578447308_eba300c466.jpg
Number of downloads: 87
> Time elapsed: 0.146 seconds

Downloading: http://farm4.staticflickr.com/3549/3404131457_2545fa8fd9.jpg
Number of downloads: 88
> Time elapsed: 0.126 seconds

Downloading: http://farm6.staticflickr.com/5316/5896723250_f2c2ab9a73.jpg
Number of downloads: 89
> Time elapsed: 0.123 seconds

Downloading: http://farm4.staticflickr.com/3624/3385549193_6438ef8001.jpg
Number of downloads: 90
> Time elapsed: 0.132 seconds

Downloading: http://farm4.staticflickr.com/3560/3339491001_8d29c5eaf6.jpg
Number of downloads: 91
> Time elapsed: 0.137 seconds

Downloading: http://farm9.staticflickr.com/8143/6983152352_b288d9fc74.jpg
Number of downloads: 92
> Time elapsed: 0.153 seconds

Downloading: http://farm9.staticflickr.com/8444/7915590578_c501819748.jpg
Number of downloads: 93
> Time elapsed: 0.276 seconds

Downloading: http://farm8.staticflickr.com/7016/6526918209_9b537e872e.jpg
Number of downloads: 94
> Time elapsed: 0.123 seconds

Downloading: http://farm7.staticflickr.com/6160/6184734387_331c187cc3.jpg
Number of downloads: 95
> Time elapsed: 0.357 seconds

Downloading: http://farm5.staticflickr.com/4123/4849841221_a3169f36c6.jpg
Number of downloads: 96
> Time elapsed: 0.472 seconds

Downloading: http://farm5.staticflickr.com/4001/5121629960_ff744ddd20.jpg
Number of downloads: 97
> Time elapsed: 0.473 seconds

Downloading: http://farm7.staticflickr.com/6153/6148238788_8289773860.jpg
Number of downloads: 98
> Time elapsed: 0.187 seconds

Downloading: http://farm6.staticflickr.com/5045/5361578330_c219cd30fa.jpg
Number of downloads: 99
> Time elapsed: 0.134 seconds

Downloading: http://farm9.staticflickr.com/8301/7852823550_0535b9c372.jpg
Number of downloads: 100
> Time elapsed: 0.045 seconds
DownloaderRecordReader progress 100 of 100 (100.00%)
DownloaderRecordReader progress 100 of 100 (100.00%)
HIPI: Using default blockSize of [134217728].
HIPI: Using default replication factor of [1].

Downloading: http://farm4.staticflickr.com/3812/9135839752_53fb47cee7.jpg
Number of downloads: 101
> Time elapsed: 0.071 seconds

Downloading: http://farm8.staticflickr.com/7288/8736554963_5691f7cfcd.jpg
Number of downloads: 102
> Time elapsed: 0.12 seconds

Downloading: http://farm4.staticflickr.com/3176/2604637707_e50f91fcc2.jpg
Number of downloads: 103
> Time elapsed: 0.144 seconds

Downloading: http://farm8.staticflickr.com/7283/9753588234_9b0d953b90.jpg
Number of downloads: 104
> Time elapsed: 0.124 seconds

Downloading: http://farm5.staticflickr.com/4037/4649365193_2f9dd66c4c.jpg
Number of downloads: 105
> Time elapsed: 0.697 seconds

Downloading: http://farm5.staticflickr.com/4043/4635151047_44c83a3289.jpg
Number of downloads: 106
> Time elapsed: 0.411 seconds

Downloading: http://farm4.staticflickr.com/3525/3893788365_9040cdb6fc.jpg
Number of downloads: 107
> Time elapsed: 0.113 seconds

Downloading: http://farm1.staticflickr.com/27/62321143_c7be68410b.jpg
Number of downloads: 108
> Time elapsed: 0.424 seconds

Downloading: http://farm4.staticflickr.com/3248/2975210431_5075efdbec.jpg
Number of downloads: 109
> Time elapsed: 0.151 seconds

Downloading: http://farm6.staticflickr.com/5537/12187032784_083b1dc09d.jpg
Number of downloads: 110
> Time elapsed: 0.067 seconds

Downloading: http://farm2.staticflickr.com/1373/588715640_40971fc6fa.jpg
Number of downloads: 111
> Time elapsed: 0.21 seconds

Downloading: http://farm9.staticflickr.com/8443/8008231926_d1ca223f79.jpg
Number of downloads: 112
> Time elapsed: 0.039 seconds

Downloading: http://farm6.staticflickr.com/5241/5293335092_f1208d93f2.jpg
Number of downloads: 113
> Time elapsed: 0.11 seconds

Downloading: http://farm7.staticflickr.com/6211/6238521852_06159403a6.jpg
Number of downloads: 114
> Time elapsed: 0.17 seconds

Downloading: http://farm4.staticflickr.com/3716/10696641765_20fbe065a3.jpg
Number of downloads: 115
> Time elapsed: 0.132 seconds

Downloading: http://farm3.staticflickr.com/2460/3589352449_916b11821b.jpg
Number of downloads: 116
> Time elapsed: 0.312 seconds

Downloading: http://farm1.staticflickr.com/140/399080876_1aa627462f.jpg
Number of downloads: 117
> Time elapsed: 0.23 seconds

Downloading: http://farm5.staticflickr.com/4075/4912543754_954d280498.jpg
Number of downloads: 118
> Time elapsed: 0.569 seconds

Downloading: http://farm3.staticflickr.com/2686/4160665317_b55f307256.jpg
Number of downloads: 119
> Time elapsed: 0.354 seconds

Downloading: http://farm5.staticflickr.com/4092/4952911467_d2fb80ae27.jpg
Number of downloads: 120
> Time elapsed: 0.442 seconds

Downloading: http://farm8.staticflickr.com/7065/6890641599_910cbc8943.jpg
Number of downloads: 121
> Time elapsed: 0.134 seconds

Downloading: http://farm6.staticflickr.com/5103/5747176722_f56580bd08.jpg
Number of downloads: 122
> Time elapsed: 0.123 seconds

Downloading: http://farm1.staticflickr.com/57/189546443_0ae3d40731.jpg
Number of downloads: 123
> Time elapsed: 0.218 seconds

Downloading: http://farm9.staticflickr.com/8538/8705970673_7205a3158e.jpg
Number of downloads: 124
> Time elapsed: 0.146 seconds

Downloading: http://farm9.staticflickr.com/8329/8091826624_4599508ff7.jpg
Number of downloads: 125
> Time elapsed: 0.116 seconds

Downloading: http://farm3.staticflickr.com/2413/4516548058_16502b6e3e.jpg
Number of downloads: 126
> Time elapsed: 0.104 seconds

Downloading: http://farm1.staticflickr.com/213/461032134_f99ebcde83.jpg
Number of downloads: 127
> Time elapsed: 0.112 seconds

Downloading: http://farm3.staticflickr.com/2721/4405662823_927f907676.jpg
Number of downloads: 128
> Time elapsed: 0.121 seconds

Downloading: http://farm5.staticflickr.com/4154/5036576897_689ec90da1.jpg
Number of downloads: 129
> Time elapsed: 0.26 seconds

Downloading: http://farm4.staticflickr.com/3200/2961191855_b26ae6975a.jpg
Number of downloads: 130
> Time elapsed: 0.116 seconds

Downloading: http://farm5.staticflickr.com/4047/4343046201_1b14f98f38.jpg
Number of downloads: 131
> Time elapsed: 0.147 seconds

Downloading: http://farm4.staticflickr.com/3104/3255419756_706da3a275.jpg
Number of downloads: 132
> Time elapsed: 0.068 seconds

Downloading: http://farm6.staticflickr.com/5320/5890446082_c2daac5595.jpg
Number of downloads: 133
> Time elapsed: 0.099 seconds

Downloading: http://farm3.staticflickr.com/2789/4495552361_37db43f53e.jpg
Number of downloads: 134
> Time elapsed: 0.114 seconds

Downloading: http://farm8.staticflickr.com/7220/7330248052_5358ce886a.jpg
Number of downloads: 135
> Time elapsed: 0.039 seconds

Downloading: http://farm5.staticflickr.com/4132/5051980738_9bd6686b22.jpg
Number of downloads: 136
> Time elapsed: 0.308 seconds

Downloading: http://farm8.staticflickr.com/7349/9991199243_77f43dac29.jpg
Number of downloads: 137
> Time elapsed: 0.073 seconds

Downloading: http://farm4.staticflickr.com/3356/3545741298_c296affc6d.jpg
Number of downloads: 138
> Time elapsed: 0.157 seconds

Downloading: http://farm9.staticflickr.com/8021/7119302541_6c107af26e.jpg
Number of downloads: 139
> Time elapsed: 0.195 seconds

Downloading: http://farm7.staticflickr.com/6013/6015578382_80df0901b8.jpg
Number of downloads: 140
> Time elapsed: 0.077 seconds

Downloading: http://farm9.staticflickr.com/8118/8660305609_e188c3f3b4.jpg
Number of downloads: 141
> Time elapsed: 0.228 seconds

Downloading: http://farm8.staticflickr.com/7271/7449456686_62328e3f3a.jpg
Number of downloads: 142
> Time elapsed: 0.138 seconds

Downloading: http://farm8.staticflickr.com/7153/6835739485_f564cd1c45.jpg
Number of downloads: 143
> Time elapsed: 0.088 seconds

Downloading: http://farm8.staticflickr.com/7030/6742152293_eea5422001.jpg
Number of downloads: 144
> Time elapsed: 0.164 seconds

Downloading: http://farm4.staticflickr.com/3732/10943636256_220924b9d5.jpg
Number of downloads: 145
> Time elapsed: 0.114 seconds

Downloading: http://farm1.staticflickr.com/90/256481980_b85a9a0144.jpg
Number of downloads: 146
> Time elapsed: 0.153 seconds

Downloading: http://farm9.staticflickr.com/8024/7662511968_2eef3428b7.jpg
Number of downloads: 147
> Time elapsed: 0.058 seconds

Downloading: http://farm8.staticflickr.com/7054/6950198437_4af54395a9.jpg
Number of downloads: 148
> Time elapsed: 0.113 seconds

Downloading: http://farm8.staticflickr.com/7415/9171713050_0b41e0e515.jpg
Number of downloads: 149
> Time elapsed: 0.138 seconds

Downloading: http://farm7.staticflickr.com/6226/6231920302_20ec2a3f66.jpg
Number of downloads: 150
> Time elapsed: 0.093 seconds

Downloading: http://farm1.staticflickr.com/54/149134763_6c7542d168.jpg
Number of downloads: 151
> Time elapsed: 0.209 seconds

Downloading: http://farm3.staticflickr.com/2174/1842216598_333c9d2922.jpg
Number of downloads: 152
> Time elapsed: 0.098 seconds

Downloading: http://farm4.staticflickr.com/3155/3051533533_2c2aee68bf.jpg
Number of downloads: 153
> Time elapsed: 0.105 seconds

Downloading: http://farm4.staticflickr.com/3623/3404811506_911ae1df50.jpg
Number of downloads: 154
> Time elapsed: 0.104 seconds

Downloading: http://farm3.staticflickr.com/2512/3690228818_39df13e158.jpg
Number of downloads: 155
> Time elapsed: 0.102 seconds

Downloading: http://farm3.staticflickr.com/2500/4000985708_5bf3a47349.jpg
Number of downloads: 156
> Time elapsed: 0.144 seconds

Downloading: http://farm9.staticflickr.com/8444/7971461024_dc430ed1fa.jpg
Number of downloads: 157
> Time elapsed: 0.12 seconds

Downloading: http://farm6.staticflickr.com/5337/9697855958_3b63682e52.jpg
Number of downloads: 158
Unrecognized HTTP content type or unsupported image format [text/html; charset=utf-8], not added to HIB: http://farm6.staticflickr.com/5337/9697855958_3b63682e52.jpg
> Time elapsed: 0.34 seconds

Downloading: http://farm1.staticflickr.com/22/27946907_ab7a250418.jpg
Number of downloads: 159
> Time elapsed: 0.106 seconds

Downloading: http://farm8.staticflickr.com/7343/12621365404_6aea536ae5.jpg
Number of downloads: 160
> Time elapsed: 0.125 seconds

Downloading: http://farm7.staticflickr.com/6232/6350461592_d6fa0d636e.jpg
Number of downloads: 161
> Time elapsed: 0.109 seconds

Downloading: http://farm8.staticflickr.com/7391/8909655434_342fa12e9b.jpg
Number of downloads: 162
> Time elapsed: 0.123 seconds

Downloading: http://farm7.staticflickr.com/6199/6061957690_4779b25ff9.jpg
Number of downloads: 163
> Time elapsed: 0.124 seconds

Downloading: http://farm6.staticflickr.com/5298/5474666624_7aab3568a0.jpg
Number of downloads: 164
> Time elapsed: 0.203 seconds

Downloading: http://farm6.staticflickr.com/5106/5690869216_40afd2aea5.jpg
Number of downloads: 165
> Time elapsed: 0.175 seconds

Downloading: http://farm1.staticflickr.com/196/513971932_626392bed9.jpg
Number of downloads: 166
> Time elapsed: 0.28 seconds

Downloading: http://farm8.staticflickr.com/7453/9736288930_ce7afd005e.jpg
Number of downloads: 167
> Time elapsed: 0.041 seconds

Downloading: http://farm6.staticflickr.com/5111/5801574516_02c6ec28a1.jpg
Number of downloads: 168
> Time elapsed: 0.09 seconds

Downloading: http://farm3.staticflickr.com/2825/10076038406_6caea999ae.jpg
Number of downloads: 169
> Time elapsed: 0.07 seconds

Downloading: http://farm5.staticflickr.com/4017/4717668918_ec7275f2b1.jpg
Number of downloads: 170
> Time elapsed: 0.043 seconds

Downloading: http://farm7.staticflickr.com/6020/5931075089_bffbcee252.jpg
Number of downloads: 171
> Time elapsed: 0.165 seconds

Downloading: http://farm4.staticflickr.com/3813/10328281496_9e4ce9fbc0.jpg
Number of downloads: 172
> Time elapsed: 0.159 seconds

Downloading: http://farm3.staticflickr.com/2102/5776755882_bc3e7833af.jpg
Number of downloads: 173
> Time elapsed: 0.144 seconds

Downloading: http://farm4.staticflickr.com/3682/9181884968_98177a13ac.jpg
Number of downloads: 174
> Time elapsed: 0.098 seconds

Downloading: http://farm6.staticflickr.com/5323/7197023424_39cc730ec8.jpg
Number of downloads: 175
> Time elapsed: 0.114 seconds

Downloading: http://farm9.staticflickr.com/8168/7489133218_80248a7009.jpg
Number of downloads: 176
> Time elapsed: 0.197 seconds

Downloading: http://farm9.staticflickr.com/8317/8046342486_15af4884be.jpg
Number of downloads: 177
> Time elapsed: 0.126 seconds

Downloading: http://farm1.staticflickr.com/127/338637018_a89f80235c.jpg
Number of downloads: 178
> Time elapsed: 0.22 seconds

Downloading: http://farm5.staticflickr.com/4090/5034395691_2e2637cc90.jpg
Number of downloads: 179
Unrecognized HTTP content type or unsupported image format [text/html; charset=utf-8], not added to HIB: http://farm5.staticflickr.com/4090/5034395691_2e2637cc90.jpg
> Time elapsed: 0.358 seconds

Downloading: http://farm5.staticflickr.com/4085/5171435842_1504c3b1fe.jpg
Number of downloads: 180
> Time elapsed: 0.221 seconds

Downloading: http://farm3.staticflickr.com/2023/2390282464_79e7b2c173.jpg
Number of downloads: 181
> Time elapsed: 0.143 seconds

Downloading: http://farm6.staticflickr.com/5447/9487735817_51663a8d17.jpg
Number of downloads: 182
> Time elapsed: 0.133 seconds

Downloading: http://farm5.staticflickr.com/4138/4738417480_fd6176cb86.jpg
Number of downloads: 183
> Time elapsed: 0.224 seconds

Downloading: http://farm8.staticflickr.com/7349/9352235220_144a65e99f.jpg
Number of downloads: 184
> Time elapsed: 0.133 seconds

Downloading: http://farm5.staticflickr.com/4074/4831067476_e5d5b0a27b.jpg
Number of downloads: 185
> Time elapsed: 0.205 seconds

Downloading: http://farm3.staticflickr.com/2799/4149472359_bb39ba0806.jpg
Number of downloads: 186
> Time elapsed: 0.149 seconds

Downloading: http://farm8.staticflickr.com/7269/7421089324_2b06324c64.jpg
Number of downloads: 187
> Time elapsed: 0.11 seconds

Downloading: http://farm8.staticflickr.com/7292/9306214271_0358b01267.jpg
Number of downloads: 188
> Time elapsed: 0.118 seconds

Downloading: http://farm4.staticflickr.com/3387/3217328216_c23cc0b2ca.jpg
Number of downloads: 189
> Time elapsed: 0.143 seconds

Downloading: http://farm5.staticflickr.com/4148/5003973400_54a5626d01.jpg
Number of downloads: 190
> Time elapsed: 0.178 seconds

Downloading: http://farm5.staticflickr.com/4051/4245133067_c7dce11730.jpg
Number of downloads: 191
> Time elapsed: 0.121 seconds

Downloading: http://farm4.staticflickr.com/3693/8976056311_e39ba692ed.jpg
Number of downloads: 192
> Time elapsed: 0.139 seconds

Downloading: http://farm6.staticflickr.com/5299/5404415661_b1cbed2f28.jpg
Number of downloads: 193
> Time elapsed: 0.082 seconds

Downloading: http://farm4.staticflickr.com/3574/3544655292_00f6f5564d.jpg
Number of downloads: 194
> Time elapsed: 0.094 seconds

Downloading: http://farm9.staticflickr.com/8245/8532402680_0f9666d171.jpg
Number of downloads: 195
> Time elapsed: 0.183 seconds

Downloading: http://farm3.staticflickr.com/2785/4496706644_3474261729.jpg
Number of downloads: 196
> Time elapsed: 0.133 seconds

Downloading: http://farm3.staticflickr.com/2614/4035888045_ecefaa90ed.jpg
Number of downloads: 197
> Time elapsed: 0.102 seconds

Downloading: http://farm9.staticflickr.com/8117/8685715067_57cd881f72.jpg
Number of downloads: 198
> Time elapsed: 0.139 seconds

Downloading: http://farm4.staticflickr.com/3318/3228728495_2b03c8f23d.jpg
Number of downloads: 199
> Time elapsed: 0.121 seconds

Downloading: http://farm1.staticflickr.com/86/228110201_dfdb43238e.jpg
Number of downloads: 200
> Time elapsed: 0.118 seconds
DownloaderRecordReader progress 100 of 100 (100.00%)
HIPI: Using default blockSize of [134217728].
HIPI: Using default replication factor of [1].
</STDOUT>
<STDERR>
15/08/11 14:45:20 WARN util.NativeCodeLoader: Unable to load native-hadoop library for your platform... using builtin-java classes where applicable
15/08/11 14:45:21 INFO Configuration.deprecation: session.id is deprecated. Instead, use dfs.metrics.session-id
15/08/11 14:45:21 INFO jvm.JvmMetrics: Initializing JVM Metrics with processName=JobTracker, sessionId=
15/08/11 14:45:21 WARN mapreduce.JobSubmitter: Hadoop command-line option parsing not performed. Implement the Tool interface and execute your application with ToolRunner to remedy this.
15/08/11 14:45:21 INFO input.FileInputFormat: Total input paths to process : 2
15/08/11 14:45:21 INFO mapreduce.JobSubmitter: number of splits:2
15/08/11 14:45:21 INFO mapreduce.JobSubmitter: Submitting tokens for job: job_local1659579243_0001
15/08/11 14:45:21 INFO mapreduce.Job: The url to track the job: http://localhost:8080/
15/08/11 14:45:21 INFO mapreduce.Job: Running job: job_local1659579243_0001
15/08/11 14:45:21 INFO mapred.LocalJobRunner: OutputCommitter set in config null
15/08/11 14:45:21 INFO mapred.LocalJobRunner: OutputCommitter is org.apache.hadoop.mapreduce.lib.output.FileOutputCommitter
15/08/11 14:45:21 INFO mapred.LocalJobRunner: Waiting for map tasks
15/08/11 14:45:21 INFO mapred.LocalJobRunner: Starting task: attempt_local1659579243_0001_m_000000_0
15/08/11 14:45:21 INFO util.ProcfsBasedProcessTree: ProcfsBasedProcessTree currently is supported only on Linux.
15/08/11 14:45:21 INFO mapred.Task:  Using ResourceCalculatorProcessTree : null
15/08/11 14:45:21 INFO mapred.MapTask: Processing split: hdfs://localhost:9000/user/zverham/testout/flickr_src/yfcc100m_dataset-100-temp-0:0+100
15/08/11 14:45:21 INFO mapred.MapTask: (EQUATOR) 0 kvi 26214396(104857584)
15/08/11 14:45:21 INFO mapred.MapTask: mapreduce.task.io.sort.mb: 100
15/08/11 14:45:21 INFO mapred.MapTask: soft limit at 83886080
15/08/11 14:45:21 INFO mapred.MapTask: bufstart = 0; bufvoid = 104857600
15/08/11 14:45:21 INFO mapred.MapTask: kvstart = 26214396; length = 6553600
15/08/11 14:45:21 INFO mapred.MapTask: Map output collector class = org.apache.hadoop.mapred.MapTask$MapOutputBuffer
Added to HIB: http://farm6.staticflickr.com/5465/10201275523_3e6ea67c7f.jpg
15/08/11 14:45:22 INFO mapreduce.Job: Job job_local1659579243_0001 running in uber mode : false
15/08/11 14:45:22 INFO mapreduce.Job:  map 0% reduce 0%
Added to HIB: http://farm4.staticflickr.com/3171/2297552664_1ee0e8855d.jpg
Added to HIB: http://farm8.staticflickr.com/7231/7289030198_1f1ba44113.jpg
Added to HIB: http://farm3.staticflickr.com/2565/4140939180_07aeded917.jpg
Added to HIB: http://farm6.staticflickr.com/5468/9506922316_c19019e38f.jpg
Added to HIB: http://farm5.staticflickr.com/4007/4436463882_b96a3d9df9.jpg
Added to HIB: http://farm4.staticflickr.com/3373/4572998878_658b45226f.jpg
Added to HIB: http://farm4.staticflickr.com/3099/3174965401_2742004421.jpg
Added to HIB: http://farm3.staticflickr.com/2526/3973434963_76c26e3c88.jpg
Added to HIB: http://farm4.staticflickr.com/3026/2932067831_8885c3d53f.jpg
Added to HIB: http://farm4.staticflickr.com/3095/2321187909_795200a114.jpg
Added to HIB: http://farm4.staticflickr.com/3439/3710430638_34fd985a7f.jpg
Added to HIB: http://farm5.staticflickr.com/4135/4923770586_97d7afb3ea.jpg
Added to HIB: http://farm9.staticflickr.com/8534/8645906636_c6639debd9.jpg
Added to HIB: http://farm3.staticflickr.com/2335/2409783581_1b332bc6fe.jpg
Added to HIB: http://farm3.staticflickr.com/2738/4445358691_2bd90336de.jpg
Added to HIB: http://farm9.staticflickr.com/8014/7621544498_8f618c4196.jpg
Added to HIB: http://farm2.staticflickr.com/1055/1076009973_41a52f4370.jpg
Added to HIB: http://farm1.staticflickr.com/55/146525965_33e9068682.jpg
Added to HIB: http://farm3.staticflickr.com/2161/2130815450_0840409dd4.jpg
Added to HIB: http://farm2.staticflickr.com/1035/5177649120_7d14ae6d92.jpg
15/08/11 14:45:27 INFO mapred.LocalJobRunner: map > map
Added to HIB: http://farm8.staticflickr.com/7168/6782131403_824e138c35.jpg
Added to HIB: http://farm5.staticflickr.com/4050/4691911354_7e12df0fde.jpg
Added to HIB: http://farm4.staticflickr.com/3216/3086286343_c9ae017d47.jpg
Added to HIB: http://farm7.staticflickr.com/6090/6061869514_521c8c02f9.jpg
Added to HIB: http://farm7.staticflickr.com/6199/6038815601_92229d4f3d.jpg
15/08/11 14:45:28 INFO mapreduce.Job:  map 33% reduce 0%
Added to HIB: http://farm5.staticflickr.com/4103/5029833020_eeb01f89af.jpg
Added to HIB: http://farm7.staticflickr.com/6090/6067452147_dcbb066928.jpg
Added to HIB: http://farm4.staticflickr.com/3405/3332020862_c1c60e3047.jpg
Added to HIB: http://farm1.staticflickr.com/25/54914084_b49142428c.jpg
Added to HIB: http://farm8.staticflickr.com/7212/7306143410_f9c1dce061.jpg
Added to HIB: http://farm4.staticflickr.com/3209/2764520341_91189bf885.jpg
Added to HIB: http://farm4.staticflickr.com/3798/10059664093_31bbe4e1cc.jpg
Added to HIB: http://farm7.staticflickr.com/6206/6109230411_fe1164f408.jpg
Added to HIB: http://farm1.staticflickr.com/208/443651623_17a9470e51.jpg
Added to HIB: http://farm9.staticflickr.com/8313/7985940853_4410b09dd6.jpg
Added to HIB: http://farm2.staticflickr.com/1217/1041659293_2d9defe723.jpg
Added to HIB: http://farm2.staticflickr.com/1075/1434150232_225d0c06bc.jpg
Added to HIB: http://farm9.staticflickr.com/8294/7791574200_7ac7ee7875.jpg
Added to HIB: http://farm4.staticflickr.com/3079/2656493496_9ae8b540ac.jpg
Added to HIB: http://farm4.staticflickr.com/3043/2887640814_8accdaf390.jpg
Added to HIB: http://farm8.staticflickr.com/7407/13122479325_034ec72bbb.jpg
Added to HIB: http://farm3.staticflickr.com/2617/3898048530_fdf5f3fcec.jpg
Added to HIB: http://farm9.staticflickr.com/8428/7744234248_42625dce7e.jpg
Added to HIB: http://farm8.staticflickr.com/7393/10089959043_d6b194b8fd.jpg
Added to HIB: http://farm7.staticflickr.com/6009/5910385331_5a68c60335.jpg
Added to HIB: http://farm8.staticflickr.com/7306/9743459054_d3ca24036e.jpg
Added to HIB: http://farm8.staticflickr.com/7040/6829436502_c2bb784c07.jpg
Added to HIB: http://farm3.staticflickr.com/2321/2245962407_282665cc94.jpg
Added to HIB: http://farm4.staticflickr.com/3584/5796357571_3bc09354c9.jpg
Added to HIB: http://farm4.staticflickr.com/3674/9331863230_b537b7531e.jpg
Added to HIB: http://farm3.staticflickr.com/2147/2282612229_9e619f5584.jpg
Added to HIB: http://farm9.staticflickr.com/8072/8319028288_4dc7edc96f.jpg
Added to HIB: http://farm1.staticflickr.com/50/144613684_47427652de.jpg
Added to HIB: http://farm2.staticflickr.com/1438/1222635056_92c500eded.jpg
Added to HIB: http://farm8.staticflickr.com/7123/7455047810_ea5b10a7a9.jpg
Added to HIB: http://farm7.staticflickr.com/6125/5975790170_5d63ed0e92.jpg
Added to HIB: http://farm6.staticflickr.com/5461/9703646635_e7d37aa989.jpg
Added to HIB: http://farm5.staticflickr.com/4053/4224177264_87a841e2b6.jpg
Added to HIB: http://farm4.staticflickr.com/3526/5787850880_c28221457b.jpg
Added to HIB: http://farm4.staticflickr.com/3657/3620338550_c3b0213b9f.jpg
Added to HIB: http://farm4.staticflickr.com/3210/3666686294_8fd14356e2.jpg
Added to HIB: http://farm1.staticflickr.com/184/375410166_f66bb309c6.jpg
Added to HIB: http://farm8.staticflickr.com/7101/7165128731_656467c69e.jpg
Added to HIB: http://farm7.staticflickr.com/6043/5903761694_73925517b5.jpg
Added to HIB: http://farm6.staticflickr.com/5075/7196543710_eea9ce01b3.jpg
Added to HIB: http://farm9.staticflickr.com/8246/8464603875_34e8f14884.jpg
Added to HIB: http://farm4.staticflickr.com/3041/3098043471_108d6edd60.jpg
Added to HIB: http://farm3.staticflickr.com/2602/4150320891_709b4401cb.jpg
Added to HIB: http://farm3.staticflickr.com/2357/2388491692_0542b06246.jpg
Added to HIB: http://farm4.staticflickr.com/3099/2717615201_627d83b37a.jpg
Added to HIB: http://farm8.staticflickr.com/7175/6765218563_3198a40f0c.jpg
Added to HIB: http://farm2.staticflickr.com/1155/544326859_1292786727.jpg
Added to HIB: http://farm6.staticflickr.com/5249/5238240996_3142fe530c.jpg
Added to HIB: http://farm1.staticflickr.com/46/149980782_8bc50a9717.jpg
Added to HIB: http://farm3.staticflickr.com/2408/1972856039_12f850d31d.jpg
Added to HIB: http://farm5.staticflickr.com/4126/4837233500_424bf2a4f2.jpg
Added to HIB: http://farm3.staticflickr.com/2137/2578705815_49c1400479.jpg
Added to HIB: http://farm4.staticflickr.com/3603/3320208977_0053ba8cb9.jpg
Added to HIB: http://farm1.staticflickr.com/41/118376111_d7a9563580.jpg
Added to HIB: http://farm3.staticflickr.com/2007/2500836783_ec18e91218.jpg
Added to HIB: http://farm3.staticflickr.com/2312/2074502993_ce32f18996.jpg
Added to HIB: http://farm6.staticflickr.com/5029/5578447308_eba300c466.jpg
Added to HIB: http://farm4.staticflickr.com/3549/3404131457_2545fa8fd9.jpg
Added to HIB: http://farm6.staticflickr.com/5316/5896723250_f2c2ab9a73.jpg
Added to HIB: http://farm4.staticflickr.com/3624/3385549193_6438ef8001.jpg
Added to HIB: http://farm4.staticflickr.com/3560/3339491001_8d29c5eaf6.jpg
Added to HIB: http://farm9.staticflickr.com/8143/6983152352_b288d9fc74.jpg
Added to HIB: http://farm9.staticflickr.com/8444/7915590578_c501819748.jpg
Added to HIB: http://farm8.staticflickr.com/7016/6526918209_9b537e872e.jpg
Added to HIB: http://farm7.staticflickr.com/6160/6184734387_331c187cc3.jpg
Added to HIB: http://farm5.staticflickr.com/4123/4849841221_a3169f36c6.jpg
Added to HIB: http://farm5.staticflickr.com/4001/5121629960_ff744ddd20.jpg
Added to HIB: http://farm7.staticflickr.com/6153/6148238788_8289773860.jpg
Added to HIB: http://farm6.staticflickr.com/5045/5361578330_c219cd30fa.jpg
Added to HIB: http://farm9.staticflickr.com/8301/7852823550_0535b9c372.jpg
15/08/11 14:45:42 INFO mapred.LocalJobRunner: map > map
15/08/11 14:45:42 INFO mapred.MapTask: Starting flush of map output
15/08/11 14:45:42 INFO mapred.MapTask: Spilling map output
15/08/11 14:45:42 INFO mapred.MapTask: bufstart = 0; bufend = 22; bufvoid = 104857600
15/08/11 14:45:42 INFO mapred.MapTask: kvstart = 26214396(104857584); kvend = 26214396(104857584); length = 1/6553600
15/08/11 14:45:42 INFO mapred.MapTask: Finished spill 0
15/08/11 14:45:42 INFO mapred.Task: Task:attempt_local1659579243_0001_m_000000_0 is done. And is in the process of committing
15/08/11 14:45:42 INFO mapred.LocalJobRunner: map
15/08/11 14:45:42 INFO mapred.Task: Task 'attempt_local1659579243_0001_m_000000_0' done.
15/08/11 14:45:42 INFO mapred.LocalJobRunner: Finishing task: attempt_local1659579243_0001_m_000000_0
15/08/11 14:45:42 INFO mapred.LocalJobRunner: Starting task: attempt_local1659579243_0001_m_000001_0
15/08/11 14:45:42 INFO util.ProcfsBasedProcessTree: ProcfsBasedProcessTree currently is supported only on Linux.
15/08/11 14:45:42 INFO mapred.Task:  Using ResourceCalculatorProcessTree : null
15/08/11 14:45:42 INFO mapred.MapTask: Processing split: hdfs://localhost:9000/user/zverham/testout/flickr_src/yfcc100m_dataset-100-temp-1:0+100
15/08/11 14:45:42 INFO mapreduce.Job:  map 100% reduce 0%
15/08/11 14:45:42 INFO mapred.MapTask: (EQUATOR) 0 kvi 26214396(104857584)
15/08/11 14:45:42 INFO mapred.MapTask: mapreduce.task.io.sort.mb: 100
15/08/11 14:45:42 INFO mapred.MapTask: soft limit at 83886080
15/08/11 14:45:42 INFO mapred.MapTask: bufstart = 0; bufvoid = 104857600
15/08/11 14:45:42 INFO mapred.MapTask: kvstart = 26214396; length = 6553600
15/08/11 14:45:42 INFO mapred.MapTask: Map output collector class = org.apache.hadoop.mapred.MapTask$MapOutputBuffer
Added to HIB: http://farm4.staticflickr.com/3812/9135839752_53fb47cee7.jpg
Added to HIB: http://farm8.staticflickr.com/7288/8736554963_5691f7cfcd.jpg
Added to HIB: http://farm4.staticflickr.com/3176/2604637707_e50f91fcc2.jpg
Added to HIB: http://farm8.staticflickr.com/7283/9753588234_9b0d953b90.jpg
Added to HIB: http://farm5.staticflickr.com/4037/4649365193_2f9dd66c4c.jpg
Added to HIB: http://farm5.staticflickr.com/4043/4635151047_44c83a3289.jpg
Added to HIB: http://farm4.staticflickr.com/3525/3893788365_9040cdb6fc.jpg
Added to HIB: http://farm1.staticflickr.com/27/62321143_c7be68410b.jpg
Added to HIB: http://farm4.staticflickr.com/3248/2975210431_5075efdbec.jpg
Added to HIB: http://farm6.staticflickr.com/5537/12187032784_083b1dc09d.jpg
Added to HIB: http://farm2.staticflickr.com/1373/588715640_40971fc6fa.jpg
Added to HIB: http://farm9.staticflickr.com/8443/8008231926_d1ca223f79.jpg
Added to HIB: http://farm6.staticflickr.com/5241/5293335092_f1208d93f2.jpg
Added to HIB: http://farm7.staticflickr.com/6211/6238521852_06159403a6.jpg
Added to HIB: http://farm4.staticflickr.com/3716/10696641765_20fbe065a3.jpg
Added to HIB: http://farm3.staticflickr.com/2460/3589352449_916b11821b.jpg
Added to HIB: http://farm1.staticflickr.com/140/399080876_1aa627462f.jpg
Added to HIB: http://farm5.staticflickr.com/4075/4912543754_954d280498.jpg
Added to HIB: http://farm3.staticflickr.com/2686/4160665317_b55f307256.jpg
Added to HIB: http://farm5.staticflickr.com/4092/4952911467_d2fb80ae27.jpg
Added to HIB: http://farm8.staticflickr.com/7065/6890641599_910cbc8943.jpg
Added to HIB: http://farm6.staticflickr.com/5103/5747176722_f56580bd08.jpg
Added to HIB: http://farm1.staticflickr.com/57/189546443_0ae3d40731.jpg
Added to HIB: http://farm9.staticflickr.com/8538/8705970673_7205a3158e.jpg
Added to HIB: http://farm9.staticflickr.com/8329/8091826624_4599508ff7.jpg
Added to HIB: http://farm3.staticflickr.com/2413/4516548058_16502b6e3e.jpg
Added to HIB: http://farm1.staticflickr.com/213/461032134_f99ebcde83.jpg
15/08/11 14:45:48 INFO mapred.LocalJobRunner: map > map
Added to HIB: http://farm3.staticflickr.com/2721/4405662823_927f907676.jpg
15/08/11 14:45:48 INFO mapreduce.Job:  map 83% reduce 0%
Added to HIB: http://farm5.staticflickr.com/4154/5036576897_689ec90da1.jpg
Added to HIB: http://farm4.staticflickr.com/3200/2961191855_b26ae6975a.jpg
Added to HIB: http://farm5.staticflickr.com/4047/4343046201_1b14f98f38.jpg
Added to HIB: http://farm4.staticflickr.com/3104/3255419756_706da3a275.jpg
Added to HIB: http://farm6.staticflickr.com/5320/5890446082_c2daac5595.jpg
Added to HIB: http://farm3.staticflickr.com/2789/4495552361_37db43f53e.jpg
Added to HIB: http://farm8.staticflickr.com/7220/7330248052_5358ce886a.jpg
Added to HIB: http://farm5.staticflickr.com/4132/5051980738_9bd6686b22.jpg
Added to HIB: http://farm8.staticflickr.com/7349/9991199243_77f43dac29.jpg
Added to HIB: http://farm4.staticflickr.com/3356/3545741298_c296affc6d.jpg
Added to HIB: http://farm9.staticflickr.com/8021/7119302541_6c107af26e.jpg
Added to HIB: http://farm7.staticflickr.com/6013/6015578382_80df0901b8.jpg
Added to HIB: http://farm9.staticflickr.com/8118/8660305609_e188c3f3b4.jpg
Added to HIB: http://farm8.staticflickr.com/7271/7449456686_62328e3f3a.jpg
Added to HIB: http://farm8.staticflickr.com/7153/6835739485_f564cd1c45.jpg
Added to HIB: http://farm8.staticflickr.com/7030/6742152293_eea5422001.jpg
Added to HIB: http://farm4.staticflickr.com/3732/10943636256_220924b9d5.jpg
Added to HIB: http://farm1.staticflickr.com/90/256481980_b85a9a0144.jpg
Added to HIB: http://farm9.staticflickr.com/8024/7662511968_2eef3428b7.jpg
Added to HIB: http://farm8.staticflickr.com/7054/6950198437_4af54395a9.jpg
Added to HIB: http://farm8.staticflickr.com/7415/9171713050_0b41e0e515.jpg
Added to HIB: http://farm7.staticflickr.com/6226/6231920302_20ec2a3f66.jpg
Added to HIB: http://farm1.staticflickr.com/54/149134763_6c7542d168.jpg
Added to HIB: http://farm3.staticflickr.com/2174/1842216598_333c9d2922.jpg
Added to HIB: http://farm4.staticflickr.com/3155/3051533533_2c2aee68bf.jpg
Added to HIB: http://farm4.staticflickr.com/3623/3404811506_911ae1df50.jpg
Added to HIB: http://farm3.staticflickr.com/2512/3690228818_39df13e158.jpg
Added to HIB: http://farm3.staticflickr.com/2500/4000985708_5bf3a47349.jpg
Added to HIB: http://farm9.staticflickr.com/8444/7971461024_dc430ed1fa.jpg
Added to HIB: http://farm1.staticflickr.com/22/27946907_ab7a250418.jpg
Added to HIB: http://farm8.staticflickr.com/7343/12621365404_6aea536ae5.jpg
Added to HIB: http://farm7.staticflickr.com/6232/6350461592_d6fa0d636e.jpg
Added to HIB: http://farm8.staticflickr.com/7391/8909655434_342fa12e9b.jpg
Added to HIB: http://farm7.staticflickr.com/6199/6061957690_4779b25ff9.jpg
Added to HIB: http://farm6.staticflickr.com/5298/5474666624_7aab3568a0.jpg
Added to HIB: http://farm6.staticflickr.com/5106/5690869216_40afd2aea5.jpg
Added to HIB: http://farm1.staticflickr.com/196/513971932_626392bed9.jpg
Added to HIB: http://farm8.staticflickr.com/7453/9736288930_ce7afd005e.jpg
Added to HIB: http://farm6.staticflickr.com/5111/5801574516_02c6ec28a1.jpg
Added to HIB: http://farm3.staticflickr.com/2825/10076038406_6caea999ae.jpg
Added to HIB: http://farm5.staticflickr.com/4017/4717668918_ec7275f2b1.jpg
Added to HIB: http://farm7.staticflickr.com/6020/5931075089_bffbcee252.jpg
Added to HIB: http://farm4.staticflickr.com/3813/10328281496_9e4ce9fbc0.jpg
Added to HIB: http://farm3.staticflickr.com/2102/5776755882_bc3e7833af.jpg
Added to HIB: http://farm4.staticflickr.com/3682/9181884968_98177a13ac.jpg
Added to HIB: http://farm6.staticflickr.com/5323/7197023424_39cc730ec8.jpg
Added to HIB: http://farm9.staticflickr.com/8168/7489133218_80248a7009.jpg
Added to HIB: http://farm9.staticflickr.com/8317/8046342486_15af4884be.jpg
Added to HIB: http://farm1.staticflickr.com/127/338637018_a89f80235c.jpg
Added to HIB: http://farm5.staticflickr.com/4085/5171435842_1504c3b1fe.jpg
Added to HIB: http://farm3.staticflickr.com/2023/2390282464_79e7b2c173.jpg
Added to HIB: http://farm6.staticflickr.com/5447/9487735817_51663a8d17.jpg
Added to HIB: http://farm5.staticflickr.com/4138/4738417480_fd6176cb86.jpg
Added to HIB: http://farm8.staticflickr.com/7349/9352235220_144a65e99f.jpg
Added to HIB: http://farm5.staticflickr.com/4074/4831067476_e5d5b0a27b.jpg
Added to HIB: http://farm3.staticflickr.com/2799/4149472359_bb39ba0806.jpg
Added to HIB: http://farm8.staticflickr.com/7269/7421089324_2b06324c64.jpg
Added to HIB: http://farm8.staticflickr.com/7292/9306214271_0358b01267.jpg
Added to HIB: http://farm4.staticflickr.com/3387/3217328216_c23cc0b2ca.jpg
Added to HIB: http://farm5.staticflickr.com/4148/5003973400_54a5626d01.jpg
Added to HIB: http://farm5.staticflickr.com/4051/4245133067_c7dce11730.jpg
Added to HIB: http://farm4.staticflickr.com/3693/8976056311_e39ba692ed.jpg
Added to HIB: http://farm6.staticflickr.com/5299/5404415661_b1cbed2f28.jpg
Added to HIB: http://farm4.staticflickr.com/3574/3544655292_00f6f5564d.jpg
Added to HIB: http://farm9.staticflickr.com/8245/8532402680_0f9666d171.jpg
Added to HIB: http://farm3.staticflickr.com/2785/4496706644_3474261729.jpg
Added to HIB: http://farm3.staticflickr.com/2614/4035888045_ecefaa90ed.jpg
Added to HIB: http://farm9.staticflickr.com/8117/8685715067_57cd881f72.jpg
Added to HIB: http://farm4.staticflickr.com/3318/3228728495_2b03c8f23d.jpg
Added to HIB: http://farm1.staticflickr.com/86/228110201_dfdb43238e.jpg
15/08/11 14:45:59 INFO mapred.LocalJobRunner: map > map
15/08/11 14:45:59 INFO mapred.MapTask: Starting flush of map output
15/08/11 14:45:59 INFO mapred.MapTask: Spilling map output
15/08/11 14:45:59 INFO mapred.MapTask: bufstart = 0; bufend = 22; bufvoid = 104857600
15/08/11 14:45:59 INFO mapred.MapTask: kvstart = 26214396(104857584); kvend = 26214396(104857584); length = 1/6553600
15/08/11 14:45:59 INFO mapred.MapTask: Finished spill 0
15/08/11 14:45:59 INFO mapred.Task: Task:attempt_local1659579243_0001_m_000001_0 is done. And is in the process of committing
15/08/11 14:45:59 INFO mapred.LocalJobRunner: map
15/08/11 14:45:59 INFO mapred.Task: Task 'attempt_local1659579243_0001_m_000001_0' done.
15/08/11 14:45:59 INFO mapred.LocalJobRunner: Finishing task: attempt_local1659579243_0001_m_000001_0
15/08/11 14:45:59 INFO mapred.LocalJobRunner: map task executor complete.
15/08/11 14:45:59 INFO mapred.LocalJobRunner: Waiting for reduce tasks
15/08/11 14:45:59 INFO mapred.LocalJobRunner: Starting task: attempt_local1659579243_0001_r_000000_0
15/08/11 14:45:59 INFO util.ProcfsBasedProcessTree: ProcfsBasedProcessTree currently is supported only on Linux.
15/08/11 14:45:59 INFO mapred.Task:  Using ResourceCalculatorProcessTree : null
15/08/11 14:45:59 INFO mapred.ReduceTask: Using ShuffleConsumerPlugin: org.apache.hadoop.mapreduce.task.reduce.Shuffle@4c8664ef
15/08/11 14:45:59 INFO reduce.MergeManagerImpl: MergerManager: memoryLimit=334338464, maxSingleShuffleLimit=83584616, mergeThreshold=220663392, ioSortFactor=10, memToMemMergeOutputsThreshold=10
15/08/11 14:45:59 INFO reduce.EventFetcher: attempt_local1659579243_0001_r_000000_0 Thread started: EventFetcher for fetching Map Completion Events
15/08/11 14:45:59 INFO reduce.LocalFetcher: localfetcher#1 about to shuffle output of map attempt_local1659579243_0001_m_000000_0 decomp: 26 len: 30 to MEMORY
15/08/11 14:45:59 INFO reduce.InMemoryMapOutput: Read 26 bytes from map-output for attempt_local1659579243_0001_m_000000_0
15/08/11 14:45:59 INFO reduce.MergeManagerImpl: closeInMemoryFile -> map-output of size: 26, inMemoryMapOutputs.size() -> 1, commitMemory -> 0, usedMemory ->26
15/08/11 14:45:59 INFO reduce.LocalFetcher: localfetcher#1 about to shuffle output of map attempt_local1659579243_0001_m_000001_0 decomp: 26 len: 30 to MEMORY
15/08/11 14:45:59 INFO reduce.InMemoryMapOutput: Read 26 bytes from map-output for attempt_local1659579243_0001_m_000001_0
15/08/11 14:45:59 INFO reduce.MergeManagerImpl: closeInMemoryFile -> map-output of size: 26, inMemoryMapOutputs.size() -> 2, commitMemory -> 26, usedMemory ->52
15/08/11 14:45:59 INFO reduce.EventFetcher: EventFetcher is interrupted.. Returning
15/08/11 14:45:59 INFO mapred.LocalJobRunner: 2 / 2 copied.
15/08/11 14:45:59 INFO reduce.MergeManagerImpl: finalMerge called with 2 in-memory map-outputs and 0 on-disk map-outputs
15/08/11 14:45:59 INFO mapred.Merger: Merging 2 sorted segments
15/08/11 14:45:59 INFO mapred.Merger: Down to the last merge-pass, with 2 segments left of total size: 46 bytes
15/08/11 14:45:59 INFO reduce.MergeManagerImpl: Merged 2 segments, 52 bytes to disk to satisfy reduce memory limit
15/08/11 14:45:59 INFO reduce.MergeManagerImpl: Merging 1 files, 54 bytes from disk
15/08/11 14:45:59 INFO reduce.MergeManagerImpl: Merging 0 segments, 0 bytes from memory into reduce
15/08/11 14:45:59 INFO mapred.Merger: Merging 1 sorted segments
15/08/11 14:45:59 INFO mapred.Merger: Down to the last merge-pass, with 1 segments left of total size: 47 bytes
15/08/11 14:45:59 INFO mapred.LocalJobRunner: 2 / 2 copied.
15/08/11 14:45:59 INFO Configuration.deprecation: mapred.skip.on is deprecated. Instead, use mapreduce.job.skiprecords
15/08/11 14:45:59 INFO mapred.Task: Task:attempt_local1659579243_0001_r_000000_0 is done. And is in the process of committing
15/08/11 14:45:59 INFO mapred.LocalJobRunner: 2 / 2 copied.
15/08/11 14:45:59 INFO mapred.Task: Task attempt_local1659579243_0001_r_000000_0 is allowed to commit now
15/08/11 14:45:59 INFO output.FileOutputCommitter: Saved output of task 'attempt_local1659579243_0001_r_000000_0' to hdfs://localhost:9000/user/zverham/testout/flickr.hib_output/_temporary/0/task_local1659579243_0001_r_000000
15/08/11 14:45:59 INFO mapred.LocalJobRunner: reduce > reduce
15/08/11 14:45:59 INFO mapred.Task: Task 'attempt_local1659579243_0001_r_000000_0' done.
15/08/11 14:45:59 INFO mapred.LocalJobRunner: Finishing task: attempt_local1659579243_0001_r_000000_0
15/08/11 14:45:59 INFO mapred.LocalJobRunner: reduce task executor complete.
15/08/11 14:45:59 INFO mapreduce.Job:  map 100% reduce 100%
15/08/11 14:45:59 INFO mapreduce.Job: Job job_local1659579243_0001 completed successfully
15/08/11 14:45:59 INFO mapreduce.Job: Counters: 35
	File System Counters
		FILE: Number of bytes read=67562
		FILE: Number of bytes written=863782
		FILE: Number of read operations=0
		FILE: Number of large read operations=0
		FILE: Number of write operations=0
		HDFS: Number of bytes read=23462034
		HDFS: Number of bytes written=81303927
		HDFS: Number of read operations=73
		HDFS: Number of large read operations=0
		HDFS: Number of write operations=39
	Map-Reduce Framework
		Map input records=2
		Map output records=2
		Map output bytes=44
		Map output materialized bytes=60
		Input split bytes=292
		Combine input records=0
		Combine output records=0
		Reduce input groups=1
		Reduce shuffle bytes=60
		Reduce input records=2
		Reduce output records=2
		Spilled Records=4
		Shuffled Maps =2
		Failed Shuffles=0
		Merged Map outputs=2
		GC time elapsed (ms)=10
		Total committed heap usage (bytes)=1292369920
	Shuffle Errors
		BAD_ID=0
		CONNECTION=0
		IO_ERROR=0
		WRONG_LENGTH=0
		WRONG_MAP=0
		WRONG_REDUCE=0
	File Input Format Counters 
		Bytes Read=103321
	File Output Format Counters 
		Bytes Written=52
</STDERR>
EXITVAL: 0
../downloader.sh --yfcc100m -f testout/flickr_bz2_src testout/flickr_bz2.hib
<STDOUT>
/usr/local/Cellar/hadoop/2.6.0/libexec/etc/hadoop:/usr/local/Cellar/hadoop/2.6.0/libexec/share/hadoop/common/lib/*:/usr/local/Cellar/hadoop/2.6.0/libexec/share/hadoop/common/*:/usr/local/Cellar/hadoop/2.6.0/libexec/share/hadoop/hdfs:/usr/local/Cellar/hadoop/2.6.0/libexec/share/hadoop/hdfs/lib/*:/usr/local/Cellar/hadoop/2.6.0/libexec/share/hadoop/hdfs/*:/usr/local/Cellar/hadoop/2.6.0/libexec/share/hadoop/yarn/lib/*:/usr/local/Cellar/hadoop/2.6.0/libexec/share/hadoop/yarn/*:/usr/local/Cellar/hadoop/2.6.0/libexec/share/hadoop/mapreduce/lib/*:/usr/local/Cellar/hadoop/2.6.0/libexec/share/hadoop/mapreduce/*:/contrib/capacity-scheduler/*.jar
/Library/Java/JavaVirtualMachines/jdk1.8.0_51.jdk/Contents/Home/bin/java -Xmx1000m -Djava.net.preferIPv4Stack=true -Djava.security.krb5.realm= -Djava.security.krb5.kdc= -Dhadoop.log.dir=/usr/local/Cellar/hadoop/2.6.0/libexec/logs -Dhadoop.log.file=hadoop.log -Dhadoop.home.dir=/usr/local/Cellar/hadoop/2.6.0/libexec -Dhadoop.id.str=zverham -Dhadoop.root.logger=INFO,console -Dhadoop.policy.file=hadoop-policy.xml -Djava.net.preferIPv4Stack=true -Xmx512m -Dhadoop.security.logger=INFO,NullAppender org.apache.hadoop.util.RunJar ../downloader/build/libs/downloader.jar --yfcc100m -f testout/flickr_bz2_src testout/flickr_bz2.hib
Source directory: testout/flickr_bz2_src
Output HIB: testout/flickr_bz2.hib
Overwrite output HIB if it exists: true
YFCC100M format: true
Number of download nodes: 1
  Adding source file: hdfs://localhost:9000/user/zverham/testout/flickr_bz2_src/yfcc100m_dataset-100-temp-0.bz2
  Adding source file: hdfs://localhost:9000/user/zverham/testout/flickr_bz2_src/yfcc100m_dataset-100-temp-1.bz2
Unique host: 0
Tried to get 1 unique nodes, found 1 unique nodes.
Determined 100 images listed in: yfcc100m_dataset-100-temp-0.bz2
Single node will download 100 images
Determined 100 images listed in: yfcc100m_dataset-100-temp-1.bz2
Single node will download 100 images
DownloaderRecordReader progress 100 of 100 (100.00%)
HIPI: Using default blockSize of [134217728].
HIPI: Using default replication factor of [1].

Downloading: http://farm8.staticflickr.com/7205/6985418911_df7747990d.jpg
Number of downloads: 1
Unrecognized HTTP content type or unsupported image format [text/html; charset=utf-8], not added to HIB: http://farm8.staticflickr.com/7205/6985418911_df7747990d.jpg
> Time elapsed: 0.293 seconds

Downloading: http://farm6.staticflickr.com/5465/10201275523_3e6ea67c7f.jpg
Number of downloads: 2
> Time elapsed: 0.345 seconds

Downloading: http://farm4.staticflickr.com/3171/2297552664_1ee0e8855d.jpg
Number of downloads: 3
> Time elapsed: 0.436 seconds

Downloading: http://farm8.staticflickr.com/7231/7289030198_1f1ba44113.jpg
Number of downloads: 4
> Time elapsed: 0.261 seconds

Downloading: http://farm3.staticflickr.com/2565/4140939180_07aeded917.jpg
Number of downloads: 5
> Time elapsed: 0.324 seconds

Downloading: http://farm6.staticflickr.com/5468/9506922316_c19019e38f.jpg
Number of downloads: 6
> Time elapsed: 0.127 seconds

Downloading: http://farm5.staticflickr.com/4007/4436463882_b96a3d9df9.jpg
Number of downloads: 7
> Time elapsed: 0.195 seconds

Downloading: http://farm4.staticflickr.com/3373/4572998878_658b45226f.jpg
Number of downloads: 8
> Time elapsed: 0.119 seconds

Downloading: http://farm4.staticflickr.com/3819/9329902958_0bc80ce58a.jpg
Number of downloads: 9
Unrecognized HTTP content type or unsupported image format [text/html; charset=utf-8], not added to HIB: http://farm4.staticflickr.com/3819/9329902958_0bc80ce58a.jpg
> Time elapsed: 0.168 seconds

Downloading: http://farm4.staticflickr.com/3099/3174965401_2742004421.jpg
Number of downloads: 10
> Time elapsed: 0.231 seconds

Downloading: http://farm3.staticflickr.com/2526/3973434963_76c26e3c88.jpg
Number of downloads: 11
> Time elapsed: 0.146 seconds

Downloading: http://farm5.staticflickr.com/4038/5155593741_cc9a68fed6.jpg
Number of downloads: 12
Unrecognized HTTP content type or unsupported image format [text/html; charset=utf-8], not added to HIB: http://farm5.staticflickr.com/4038/5155593741_cc9a68fed6.jpg
> Time elapsed: 0.248 seconds

Downloading: http://farm4.staticflickr.com/3026/2932067831_8885c3d53f.jpg
Number of downloads: 13
> Time elapsed: 0.231 seconds

Downloading: http://farm4.staticflickr.com/3095/2321187909_795200a114.jpg
Number of downloads: 14
> Time elapsed: 0.124 seconds

Downloading: http://farm4.staticflickr.com/3439/3710430638_34fd985a7f.jpg
Number of downloads: 15
> Time elapsed: 0.185 seconds

Downloading: http://farm5.staticflickr.com/4135/4923770586_97d7afb3ea.jpg
Number of downloads: 16
> Time elapsed: 0.337 seconds

Downloading: http://farm9.staticflickr.com/8534/8645906636_c6639debd9.jpg
Number of downloads: 17
> Time elapsed: 0.306 seconds

Downloading: http://farm3.staticflickr.com/2335/2409783581_1b332bc6fe.jpg
Number of downloads: 18
> Time elapsed: 0.115 seconds

Downloading: http://farm3.staticflickr.com/2738/4445358691_2bd90336de.jpg
Number of downloads: 19
> Time elapsed: 0.213 seconds

Downloading: http://farm9.staticflickr.com/8014/7621544498_8f618c4196.jpg
Number of downloads: 20
> Time elapsed: 0.139 seconds

Downloading: http://farm2.staticflickr.com/1055/1076009973_41a52f4370.jpg
Number of downloads: 21
> Time elapsed: 0.176 seconds

Downloading: http://farm1.staticflickr.com/55/146525965_33e9068682.jpg
Number of downloads: 22
> Time elapsed: 0.34 seconds

Downloading: http://farm3.staticflickr.com/2161/2130815450_0840409dd4.jpg
Number of downloads: 23
> Time elapsed: 0.182 seconds

Downloading: http://farm2.staticflickr.com/1035/5177649120_7d14ae6d92.jpg
Number of downloads: 24
> Time elapsed: 0.355 seconds

Downloading: http://farm8.staticflickr.com/7168/6782131403_824e138c35.jpg
Number of downloads: 25
> Time elapsed: 0.163 seconds

Downloading: http://farm5.staticflickr.com/4050/4691911354_7e12df0fde.jpg
Number of downloads: 26
> Time elapsed: 0.134 seconds

Downloading: http://farm4.staticflickr.com/3216/3086286343_c9ae017d47.jpg
Number of downloads: 27
> Time elapsed: 0.159 seconds

Downloading: http://farm7.staticflickr.com/6090/6061869514_521c8c02f9.jpg
Number of downloads: 28
> Time elapsed: 0.33 seconds

Downloading: http://farm7.staticflickr.com/6199/6038815601_92229d4f3d.jpg
Number of downloads: 29
> Time elapsed: 0.216 seconds

Downloading: http://farm5.staticflickr.com/4103/5029833020_eeb01f89af.jpg
Number of downloads: 30
> Time elapsed: 0.168 seconds

Downloading: http://farm7.staticflickr.com/6090/6067452147_dcbb066928.jpg
Number of downloads: 31
> Time elapsed: 0.134 seconds

Downloading: http://farm4.staticflickr.com/3405/3332020862_c1c60e3047.jpg
Number of downloads: 32
> Time elapsed: 0.133 seconds

Downloading: http://farm1.staticflickr.com/25/54914084_b49142428c.jpg
Number of downloads: 33
> Time elapsed: 0.188 seconds

Downloading: http://farm8.staticflickr.com/7212/7306143410_f9c1dce061.jpg
Number of downloads: 34
> Time elapsed: 0.129 seconds

Downloading: http://farm4.staticflickr.com/3209/2764520341_91189bf885.jpg
Number of downloads: 35
> Time elapsed: 0.152 seconds

Downloading: http://farm4.staticflickr.com/3798/10059664093_31bbe4e1cc.jpg
Number of downloads: 36
> Time elapsed: 0.04 seconds

Downloading: http://farm7.staticflickr.com/6206/6109230411_fe1164f408.jpg
Number of downloads: 37
> Time elapsed: 0.243 seconds

Downloading: http://farm1.staticflickr.com/208/443651623_17a9470e51.jpg
Number of downloads: 38
> Time elapsed: 0.116 seconds

Downloading: http://farm9.staticflickr.com/8313/7985940853_4410b09dd6.jpg
Number of downloads: 39
> Time elapsed: 0.134 seconds

Downloading: http://farm2.staticflickr.com/1217/1041659293_2d9defe723.jpg
Number of downloads: 40
> Time elapsed: 0.258 seconds

Downloading: http://farm2.staticflickr.com/1075/1434150232_225d0c06bc.jpg
Number of downloads: 41
> Time elapsed: 0.298 seconds

Downloading: http://farm9.staticflickr.com/8294/7791574200_7ac7ee7875.jpg
Number of downloads: 42
> Time elapsed: 0.155 seconds

Downloading: http://farm4.staticflickr.com/3079/2656493496_9ae8b540ac.jpg
Number of downloads: 43
> Time elapsed: 0.128 seconds

Downloading: http://farm4.staticflickr.com/3043/2887640814_8accdaf390.jpg
Number of downloads: 44
> Time elapsed: 0.132 seconds

Downloading: http://farm8.staticflickr.com/7407/13122479325_034ec72bbb.jpg
Number of downloads: 45
> Time elapsed: 0.1 seconds

Downloading: http://farm3.staticflickr.com/2617/3898048530_fdf5f3fcec.jpg
Number of downloads: 46
> Time elapsed: 0.422 seconds

Downloading: http://farm9.staticflickr.com/8428/7744234248_42625dce7e.jpg
Number of downloads: 47
> Time elapsed: 0.048 seconds

Downloading: http://farm8.staticflickr.com/7393/10089959043_d6b194b8fd.jpg
Number of downloads: 48
> Time elapsed: 0.127 seconds

Downloading: http://farm7.staticflickr.com/6009/5910385331_5a68c60335.jpg
Number of downloads: 49
> Time elapsed: 0.127 seconds

Downloading: http://farm8.staticflickr.com/7306/9743459054_d3ca24036e.jpg
Number of downloads: 50
> Time elapsed: 0.1 seconds

Downloading: http://farm8.staticflickr.com/7040/6829436502_c2bb784c07.jpg
Number of downloads: 51
> Time elapsed: 0.119 seconds

Downloading: http://farm3.staticflickr.com/2321/2245962407_282665cc94.jpg
Number of downloads: 52
> Time elapsed: 0.18 seconds

Downloading: http://farm4.staticflickr.com/3584/5796357571_3bc09354c9.jpg
Number of downloads: 53
> Time elapsed: 0.124 seconds

Downloading: http://farm4.staticflickr.com/3674/9331863230_b537b7531e.jpg
Number of downloads: 54
> Time elapsed: 0.118 seconds

Downloading: http://farm3.staticflickr.com/2147/2282612229_9e619f5584.jpg
Number of downloads: 55
> Time elapsed: 0.105 seconds

Downloading: http://farm9.staticflickr.com/8072/8319028288_4dc7edc96f.jpg
Number of downloads: 56
> Time elapsed: 0.04 seconds

Downloading: http://farm1.staticflickr.com/50/144613684_47427652de.jpg
Number of downloads: 57
> Time elapsed: 0.182 seconds

Downloading: http://farm2.staticflickr.com/1438/1222635056_92c500eded.jpg
Number of downloads: 58
> Time elapsed: 0.194 seconds

Downloading: http://farm8.staticflickr.com/7123/7455047810_ea5b10a7a9.jpg
Number of downloads: 59
> Time elapsed: 0.04 seconds

Downloading: http://farm7.staticflickr.com/6125/5975790170_5d63ed0e92.jpg
Number of downloads: 60
> Time elapsed: 0.193 seconds

Downloading: http://farm6.staticflickr.com/5461/9703646635_e7d37aa989.jpg
Number of downloads: 61
[...]
15/08/11 14:46:40 INFO mapred.LocalJobRunner: reduce > reduce
15/08/11 14:46:40 INFO mapred.Task: Task 'attempt_local451778347_0001_r_000000_0' done.
15/08/11 14:46:40 INFO mapred.LocalJobRunner: Finishing task: attempt_local451778347_0001_r_000000_0
15/08/11 14:46:40 INFO mapred.LocalJobRunner: reduce task executor complete.
15/08/11 14:46:41 INFO mapreduce.Job:  map 100% reduce 100%
15/08/11 14:46:41 INFO mapreduce.Job: Job job_local451778347_0001 completed successfully
15/08/11 14:46:41 INFO mapreduce.Job: Counters: 35
	File System Counters
		FILE: Number of bytes read=67642
		FILE: Number of bytes written=859876
		FILE: Number of read operations=0
		FILE: Number of large read operations=0
		FILE: Number of write operations=0
		HDFS: Number of bytes read=23344740
		HDFS: Number of bytes written=81303927
		HDFS: Number of read operations=73
		HDFS: Number of large read operations=0
		HDFS: Number of write operations=39
	Map-Reduce Framework
		Map input records=2
		Map output records=2
		Map output bytes=44
		Map output materialized bytes=60
		Input split bytes=308
		Combine input records=0
		Combine output records=0
		Reduce input groups=1
		Reduce shuffle bytes=60
		Reduce input records=2
		Reduce output records=2
		Spilled Records=4
		Shuffled Maps =2
		Failed Shuffles=0
		Merged Map outputs=2
		GC time elapsed (ms)=17
		Total committed heap usage (bytes)=1283457024
	Shuffle Errors
		BAD_ID=0
		CONNECTION=0
		IO_ERROR=0
		WRONG_LENGTH=0
		WRONG_MAP=0
		WRONG_REDUCE=0
	File Input Format Counters 
		Bytes Read=33637
	File Output Format Counters 
		Bytes Written=52
</STDERR>
EXITVAL: 0
../downloader.sh -f --num-nodes 5 testout/downloader_src testout/downloader.hib
<STDOUT>
/usr/local/Cellar/hadoop/2.6.0/libexec/etc/hadoop:/usr/local/Cellar/hadoop/2.6.0/libexec/share/hadoop/common/lib/*:/usr/local/Cellar/hadoop/2.6.0/libexec/share/hadoop/common/*:/usr/local/Cellar/hadoop/2.6.0/libexec/share/hadoop/hdfs:/usr/local/Cellar/hadoop/2.6.0/libexec/share/hadoop/hdfs/lib/*:/usr/local/Cellar/hadoop/2.6.0/libexec/share/hadoop/hdfs/*:/usr/local/Cellar/hadoop/2.6.0/libexec/share/hadoop/yarn/lib/*:/usr/local/Cellar/hadoop/2.6.0/libexec/share/hadoop/yarn/*:/usr/local/Cellar/hadoop/2.6.0/libexec/share/hadoop/mapreduce/lib/*:/usr/local/Cellar/hadoop/2.6.0/libexec/share/hadoop/mapreduce/*:/contrib/capacity-scheduler/*.jar
/Library/Java/JavaVirtualMachines/jdk1.8.0_51.jdk/Contents/Home/bin/java -Xmx1000m -Djava.net.preferIPv4Stack=true -Djava.security.krb5.realm= -Djava.security.krb5.kdc= -Dhadoop.log.dir=/usr/local/Cellar/hadoop/2.6.0/libexec/logs -Dhadoop.log.file=hadoop.log -Dhadoop.home.dir=/usr/local/Cellar/hadoop/2.6.0/libexec -Dhadoop.id.str=zverham -Dhadoop.root.logger=INFO,console -Dhadoop.policy.file=hadoop-policy.xml -Djava.net.preferIPv4Stack=true -Xmx512m -Dhadoop.security.logger=INFO,NullAppender org.apache.hadoop.util.RunJar ../downloader/build/libs/downloader.jar -f --num-nodes 5 testout/downloader_src testout/downloader.hib
Source directory: testout/downloader_src
Output HIB: testout/downloader.hib
Overwrite output HIB if it exists: true
YFCC100M format: false
Number of download nodes: 5
  Adding source file: hdfs://localhost:9000/user/zverham/testout/downloader_src/downloader-images.txt
Unique host: 0
Repeated host: 1
Repeated host: 2
Repeated host: 3
Repeated host: 4
Repeated host: 5
Repeated host: 6
Repeated host: 7
Repeated host: 8
Repeated host: 9
Tried to get 5 unique nodes, found 1 unique nodes.
Determined 12 images listed in: downloader-images.txt
Single node will download 12 images
DownloaderRecordReader progress 12 of 12 (100.00%)
HIPI: Using default blockSize of [134217728].
HIPI: Using default replication factor of [1].

Downloading: http://hipi.cs.virginia.edu/examples/testimages/01.jpg
Number of downloads: 1
> Time elapsed: 2.269 seconds

Downloading: http://hipi.cs.virginia.edu/examples/testimages/02.jpg
Number of downloads: 2
> Time elapsed: 4.755 seconds

Downloading: http://hipi.cs.virginia.edu/examples/testimages/03.jpg
Number of downloads: 3
> Time elapsed: 2.103 seconds

Downloading: http://hipi.cs.virginia.edu/examples/testimages/04.jpg
Number of downloads: 4
> Time elapsed: 1.987 seconds

Downloading: http://hipi.cs.virginia.edu/examples/testimages/05.jpg
Number of downloads: 5
> Time elapsed: 1.976 seconds

Downloading: http://hipi.cs.virginia.edu/examples/testimages/06.jpg
Number of downloads: 6
> Time elapsed: 4.15 seconds

Downloading: http://hipi.cs.virginia.edu/examples/testimages/07.jpg
Number of downloads: 7
> Time elapsed: 0.821 seconds

Downloading: http://hipi.cs.virginia.edu/examples/testimages/08.jpg
Number of downloads: 8
> Time elapsed: 0.903 seconds

Downloading: http://hipi.cs.virginia.edu/examples/testimages/09.jpg
Number of downloads: 9
> Time elapsed: 0.23 seconds

Downloading: http://hipi.cs.virginia.edu/examples/testimages/10.jpg
Number of downloads: 10
> Time elapsed: 0.273 seconds

Downloading: http://hipi.cs.virginia.edu/examples/testimages/11.jpg
Number of downloads: 11
> Time elapsed: 1.32 seconds

Downloading: http://hipi.cs.virginia.edu/examples/testimages/12.png
Number of downloads: 12
> Time elapsed: 0.96 seconds
DownloaderRecordReader progress 12 of 12 (100.00%)
HIPI: Using default blockSize of [134217728].
HIPI: Using default replication factor of [1].
</STDOUT>
<STDERR>
15/08/11 14:46:42 WARN util.NativeCodeLoader: Unable to load native-hadoop library for your platform... using builtin-java classes where applicable
15/08/11 14:46:43 INFO Configuration.deprecation: session.id is deprecated. Instead, use dfs.metrics.session-id
15/08/11 14:46:43 INFO jvm.JvmMetrics: Initializing JVM Metrics with processName=JobTracker, sessionId=
15/08/11 14:46:43 WARN mapreduce.JobSubmitter: Hadoop command-line option parsing not performed. Implement the Tool interface and execute your application with ToolRunner to remedy this.
15/08/11 14:46:44 INFO input.FileInputFormat: Total input paths to process : 1
15/08/11 14:46:44 INFO mapreduce.JobSubmitter: number of splits:1
15/08/11 14:46:44 INFO mapreduce.JobSubmitter: Submitting tokens for job: job_local725448814_0001
15/08/11 14:46:44 INFO mapreduce.Job: The url to track the job: http://localhost:8080/
15/08/11 14:46:44 INFO mapreduce.Job: Running job: job_local725448814_0001
15/08/11 14:46:44 INFO mapred.LocalJobRunner: OutputCommitter set in config null
15/08/11 14:46:44 INFO mapred.LocalJobRunner: OutputCommitter is org.apache.hadoop.mapreduce.lib.output.FileOutputCommitter
15/08/11 14:46:44 INFO mapred.LocalJobRunner: Waiting for map tasks
15/08/11 14:46:44 INFO mapred.LocalJobRunner: Starting task: attempt_local725448814_0001_m_000000_0
15/08/11 14:46:44 INFO util.ProcfsBasedProcessTree: ProcfsBasedProcessTree currently is supported only on Linux.
15/08/11 14:46:44 INFO mapred.Task:  Using ResourceCalculatorProcessTree : null
15/08/11 14:46:44 INFO mapred.MapTask: Processing split: hdfs://localhost:9000/user/zverham/testout/downloader_src/downloader-images.txt:0+12
15/08/11 14:46:44 INFO mapred.MapTask: (EQUATOR) 0 kvi 26214396(104857584)
15/08/11 14:46:44 INFO mapred.MapTask: mapreduce.task.io.sort.mb: 100
15/08/11 14:46:44 INFO mapred.MapTask: soft limit at 83886080
15/08/11 14:46:44 INFO mapred.MapTask: bufstart = 0; bufvoid = 104857600
15/08/11 14:46:44 INFO mapred.MapTask: kvstart = 26214396; length = 6553600
15/08/11 14:46:44 INFO mapred.MapTask: Map output collector class = org.apache.hadoop.mapred.MapTask$MapOutputBuffer
15/08/11 14:46:45 INFO mapreduce.Job: Job job_local725448814_0001 running in uber mode : false
15/08/11 14:46:45 INFO mapreduce.Job:  map 0% reduce 0%
Added to HIB: http://hipi.cs.virginia.edu/examples/testimages/01.jpg
15/08/11 14:46:50 INFO mapred.LocalJobRunner: map > map
15/08/11 14:46:51 INFO mapreduce.Job:  map 67% reduce 0%
Added to HIB: http://hipi.cs.virginia.edu/examples/testimages/02.jpg
Added to HIB: http://hipi.cs.virginia.edu/examples/testimages/03.jpg
Added to HIB: http://hipi.cs.virginia.edu/examples/testimages/04.jpg
Added to HIB: http://hipi.cs.virginia.edu/examples/testimages/05.jpg
Added to HIB: http://hipi.cs.virginia.edu/examples/testimages/06.jpg
Added to HIB: http://hipi.cs.virginia.edu/examples/testimages/07.jpg
Added to HIB: http://hipi.cs.virginia.edu/examples/testimages/08.jpg
Added to HIB: http://hipi.cs.virginia.edu/examples/testimages/09.jpg
Added to HIB: http://hipi.cs.virginia.edu/examples/testimages/10.jpg
Added to HIB: http://hipi.cs.virginia.edu/examples/testimages/11.jpg
Added to HIB: http://hipi.cs.virginia.edu/examples/testimages/12.png
15/08/11 14:47:06 INFO mapred.LocalJobRunner: map > map
15/08/11 14:47:06 INFO mapred.MapTask: Starting flush of map output
15/08/11 14:47:06 INFO mapred.MapTask: Spilling map output
15/08/11 14:47:06 INFO mapred.MapTask: bufstart = 0; bufend = 21; bufvoid = 104857600
15/08/11 14:47:06 INFO mapred.MapTask: kvstart = 26214396(104857584); kvend = 26214396(104857584); length = 1/6553600
15/08/11 14:47:06 INFO mapred.MapTask: Finished spill 0
15/08/11 14:47:06 INFO mapred.Task: Task:attempt_local725448814_0001_m_000000_0 is done. And is in the process of committing
15/08/11 14:47:06 INFO mapred.LocalJobRunner: map
15/08/11 14:47:06 INFO mapred.Task: Task 'attempt_local725448814_0001_m_000000_0' done.
15/08/11 14:47:06 INFO mapred.LocalJobRunner: Finishing task: attempt_local725448814_0001_m_000000_0
15/08/11 14:47:06 INFO mapred.LocalJobRunner: map task executor complete.
15/08/11 14:47:06 INFO mapred.LocalJobRunner: Waiting for reduce tasks
15/08/11 14:47:06 INFO mapred.LocalJobRunner: Starting task: attempt_local725448814_0001_r_000000_0
15/08/11 14:47:06 INFO util.ProcfsBasedProcessTree: ProcfsBasedProcessTree currently is supported only on Linux.
15/08/11 14:47:06 INFO mapred.Task:  Using ResourceCalculatorProcessTree : null
15/08/11 14:47:06 INFO mapred.ReduceTask: Using ShuffleConsumerPlugin: org.apache.hadoop.mapreduce.task.reduce.Shuffle@78735e46
15/08/11 14:47:06 INFO mapreduce.Job:  map 100% reduce 0%
15/08/11 14:47:06 INFO reduce.MergeManagerImpl: MergerManager: memoryLimit=334338464, maxSingleShuffleLimit=83584616, mergeThreshold=220663392, ioSortFactor=10, memToMemMergeOutputsThreshold=10
15/08/11 14:47:06 INFO reduce.EventFetcher: attempt_local725448814_0001_r_000000_0 Thread started: EventFetcher for fetching Map Completion Events
15/08/11 14:47:06 INFO reduce.LocalFetcher: localfetcher#1 about to shuffle output of map attempt_local725448814_0001_m_000000_0 decomp: 25 len: 29 to MEMORY
15/08/11 14:47:06 INFO reduce.InMemoryMapOutput: Read 25 bytes from map-output for attempt_local725448814_0001_m_000000_0
15/08/11 14:47:06 INFO reduce.MergeManagerImpl: closeInMemoryFile -> map-output of size: 25, inMemoryMapOutputs.size() -> 1, commitMemory -> 0, usedMemory ->25
15/08/11 14:47:06 INFO reduce.EventFetcher: EventFetcher is interrupted.. Returning
15/08/11 14:47:06 INFO mapred.LocalJobRunner: 1 / 1 copied.
15/08/11 14:47:06 INFO reduce.MergeManagerImpl: finalMerge called with 1 in-memory map-outputs and 0 on-disk map-outputs
15/08/11 14:47:06 INFO mapred.Merger: Merging 1 sorted segments
15/08/11 14:47:06 INFO mapred.Merger: Down to the last merge-pass, with 1 segments left of total size: 22 bytes
15/08/11 14:47:06 INFO reduce.MergeManagerImpl: Merged 1 segments, 25 bytes to disk to satisfy reduce memory limit
15/08/11 14:47:06 INFO reduce.MergeManagerImpl: Merging 1 files, 29 bytes from disk
15/08/11 14:47:06 INFO reduce.MergeManagerImpl: Merging 0 segments, 0 bytes from memory into reduce
15/08/11 14:47:06 INFO mapred.Merger: Merging 1 sorted segments
15/08/11 14:47:06 INFO mapred.Merger: Down to the last merge-pass, with 1 segments left of total size: 22 bytes
15/08/11 14:47:06 INFO mapred.LocalJobRunner: 1 / 1 copied.
15/08/11 14:47:06 INFO Configuration.deprecation: mapred.skip.on is deprecated. Instead, use mapreduce.job.skiprecords
15/08/11 14:47:06 INFO mapred.Task: Task:attempt_local725448814_0001_r_000000_0 is done. And is in the process of committing
15/08/11 14:47:06 INFO mapred.LocalJobRunner: 1 / 1 copied.
15/08/11 14:47:06 INFO mapred.Task: Task attempt_local725448814_0001_r_000000_0 is allowed to commit now
15/08/11 14:47:06 INFO output.FileOutputCommitter: Saved output of task 'attempt_local725448814_0001_r_000000_0' to hdfs://localhost:9000/user/zverham/testout/downloader.hib_output/_temporary/0/task_local725448814_0001_r_000000
15/08/11 14:47:06 INFO mapred.LocalJobRunner: reduce > reduce
15/08/11 14:47:06 INFO mapred.Task: Task 'attempt_local725448814_0001_r_000000_0' done.
15/08/11 14:47:06 INFO mapred.LocalJobRunner: Finishing task: attempt_local725448814_0001_r_000000_0
15/08/11 14:47:06 INFO mapred.LocalJobRunner: reduce task executor complete.
15/08/11 14:47:07 INFO mapreduce.Job:  map 100% reduce 100%
15/08/11 14:47:07 INFO mapreduce.Job: Job job_local725448814_0001 completed successfully
15/08/11 14:47:07 INFO mapreduce.Job: Counters: 35
	File System Counters
		FILE: Number of bytes read=44262
		FILE: Number of bytes written=572395
		FILE: Number of read operations=0
		FILE: Number of large read operations=0
		FILE: Number of write operations=0
		HDFS: Number of bytes read=24961743
		HDFS: Number of bytes written=74873394
		HDFS: Number of read operations=75
		HDFS: Number of large read operations=0
		HDFS: Number of write operations=42
	Map-Reduce Framework
		Map input records=1
		Map output records=1
		Map output bytes=21
		Map output materialized bytes=29
		Input split bytes=144
		Combine input records=0
		Combine output records=0
		Reduce input groups=1
		Reduce shuffle bytes=29
		Reduce input records=1
		Reduce output records=1
		Spilled Records=2
		Shuffled Maps =1
		Failed Shuffles=0
		Merged Map outputs=1
		GC time elapsed (ms)=8
		Total committed heap usage (bytes)=727711744
	Shuffle Errors
		BAD_ID=0
		CONNECTION=0
		IO_ERROR=0
		WRONG_LENGTH=0
		WRONG_MAP=0
		WRONG_REDUCE=0
	File Input Format Counters 
		Bytes Read=660
	File Output Format Counters 
		Bytes Written=25
</STDERR>
EXITVAL: 0
../hibInfo.sh testout/downloader.hib 0 --extract /tmp/test.jpg
<STDOUT>
/usr/local/Cellar/hadoop/2.6.0/libexec/etc/hadoop:/usr/local/Cellar/hadoop/2.6.0/libexec/share/hadoop/common/lib/*:/usr/local/Cellar/hadoop/2.6.0/libexec/share/hadoop/common/*:/usr/local/Cellar/hadoop/2.6.0/libexec/share/hadoop/hdfs:/usr/local/Cellar/hadoop/2.6.0/libexec/share/hadoop/hdfs/lib/*:/usr/local/Cellar/hadoop/2.6.0/libexec/share/hadoop/hdfs/*:/usr/local/Cellar/hadoop/2.6.0/libexec/share/hadoop/yarn/lib/*:/usr/local/Cellar/hadoop/2.6.0/libexec/share/hadoop/yarn/*:/usr/local/Cellar/hadoop/2.6.0/libexec/share/hadoop/mapreduce/lib/*:/usr/local/Cellar/hadoop/2.6.0/libexec/share/hadoop/mapreduce/*:/contrib/capacity-scheduler/*.jar
/Library/Java/JavaVirtualMachines/jdk1.8.0_51.jdk/Contents/Home/bin/java -Xmx1000m -Djava.net.preferIPv4Stack=true -Djava.security.krb5.realm= -Djava.security.krb5.kdc= -Dhadoop.log.dir=/usr/local/Cellar/hadoop/2.6.0/libexec/logs -Dhadoop.log.file=hadoop.log -Dhadoop.home.dir=/usr/local/Cellar/hadoop/2.6.0/libexec -Dhadoop.id.str=zverham -Dhadoop.root.logger=INFO,console -Dhadoop.policy.file=hadoop-policy.xml -Djava.net.preferIPv4Stack=true -Xmx512m -Dhadoop.security.logger=INFO,NullAppender org.apache.hadoop.util.RunJar ../hibInfo/build/libs/hibInfo.jar testout/downloader.hib 0 --extract /tmp/test.jpg
Input HIB: testout/downloader.hib
Display meta data: false
Display EXIF data: false
Image index: 0
Extract image path: /tmp/test.jpg
Meta data key: none
   3456 x 2304
   format: 1
Using image encoder: com.twelvemonkeys.imageio.plugins.jpeg.JPEGImageWriter@31000e60
Wrote [/tmp/test.jpg]
</STDOUT>
<STDERR>
15/08/11 14:47:08 WARN util.NativeCodeLoader: Unable to load native-hadoop library for your platform... using builtin-java classes where applicable
</STDERR>
EXITVAL: 0
compare -metric PSNR ../../testdata/testimages/01.jpg /tmp/test.jpg /tmp/psnr.png
PSNR: 38.7244
../hibInfo.sh testout/downloader.hib 4 --extract /tmp/test.jpg
<STDOUT>
/usr/local/Cellar/hadoop/2.6.0/libexec/etc/hadoop:/usr/local/Cellar/hadoop/2.6.0/libexec/share/hadoop/common/lib/*:/usr/local/Cellar/hadoop/2.6.0/libexec/share/hadoop/common/*:/usr/local/Cellar/hadoop/2.6.0/libexec/share/hadoop/hdfs:/usr/local/Cellar/hadoop/2.6.0/libexec/share/hadoop/hdfs/lib/*:/usr/local/Cellar/hadoop/2.6.0/libexec/share/hadoop/hdfs/*:/usr/local/Cellar/hadoop/2.6.0/libexec/share/hadoop/yarn/lib/*:/usr/local/Cellar/hadoop/2.6.0/libexec/share/hadoop/yarn/*:/usr/local/Cellar/hadoop/2.6.0/libexec/share/hadoop/mapreduce/lib/*:/usr/local/Cellar/hadoop/2.6.0/libexec/share/hadoop/mapreduce/*:/contrib/capacity-scheduler/*.jar
/Library/Java/JavaVirtualMachines/jdk1.8.0_51.jdk/Contents/Home/bin/java -Xmx1000m -Djava.net.preferIPv4Stack=true -Djava.security.krb5.realm= -Djava.security.krb5.kdc= -Dhadoop.log.dir=/usr/local/Cellar/hadoop/2.6.0/libexec/logs -Dhadoop.log.file=hadoop.log -Dhadoop.home.dir=/usr/local/Cellar/hadoop/2.6.0/libexec -Dhadoop.id.str=zverham -Dhadoop.root.logger=INFO,console -Dhadoop.policy.file=hadoop-policy.xml -Djava.net.preferIPv4Stack=true -Xmx512m -Dhadoop.security.logger=INFO,NullAppender org.apache.hadoop.util.RunJar ../hibInfo/build/libs/hibInfo.jar testout/downloader.hib 4 --extract /tmp/test.jpg
Input HIB: testout/downloader.hib
Display meta data: false
Display EXIF data: false
Image index: 4
Extract image path: /tmp/test.jpg
Meta data key: none
   3456 x 2304
   format: 1
Using image encoder: com.twelvemonkeys.imageio.plugins.jpeg.JPEGImageWriter@57abad67
Wrote [/tmp/test.jpg]
</STDOUT>
<STDERR>
15/08/11 14:47:21 WARN util.NativeCodeLoader: Unable to load native-hadoop library for your platform... using builtin-java classes where applicable
</STDERR>
EXITVAL: 0
compare -metric PSNR ../../testdata/testimages/05.jpg /tmp/test.jpg /tmp/psnr.png
PSNR: 37.673
../hibInfo.sh testout/downloader.hib 11 --extract /tmp/test.jpg
<STDOUT>
/usr/local/Cellar/hadoop/2.6.0/libexec/etc/hadoop:/usr/local/Cellar/hadoop/2.6.0/libexec/share/hadoop/common/lib/*:/usr/local/Cellar/hadoop/2.6.0/libexec/share/hadoop/common/*:/usr/local/Cellar/hadoop/2.6.0/libexec/share/hadoop/hdfs:/usr/local/Cellar/hadoop/2.6.0/libexec/share/hadoop/hdfs/lib/*:/usr/local/Cellar/hadoop/2.6.0/libexec/share/hadoop/hdfs/*:/usr/local/Cellar/hadoop/2.6.0/libexec/share/hadoop/yarn/lib/*:/usr/local/Cellar/hadoop/2.6.0/libexec/share/hadoop/yarn/*:/usr/local/Cellar/hadoop/2.6.0/libexec/share/hadoop/mapreduce/lib/*:/usr/local/Cellar/hadoop/2.6.0/libexec/share/hadoop/mapreduce/*:/contrib/capacity-scheduler/*.jar
/Library/Java/JavaVirtualMachines/jdk1.8.0_51.jdk/Contents/Home/bin/java -Xmx1000m -Djava.net.preferIPv4Stack=true -Djava.security.krb5.realm= -Djava.security.krb5.kdc= -Dhadoop.log.dir=/usr/local/Cellar/hadoop/2.6.0/libexec/logs -Dhadoop.log.file=hadoop.log -Dhadoop.home.dir=/usr/local/Cellar/hadoop/2.6.0/libexec -Dhadoop.id.str=zverham -Dhadoop.root.logger=INFO,console -Dhadoop.policy.file=hadoop-policy.xml -Djava.net.preferIPv4Stack=true -Xmx512m -Dhadoop.security.logger=INFO,NullAppender org.apache.hadoop.util.RunJar ../hibInfo/build/libs/hibInfo.jar testout/downloader.hib 11 --extract /tmp/test.jpg
Input HIB: testout/downloader.hib
Display meta data: false
Display EXIF data: false
Image index: 11
Extract image path: /tmp/test.jpg
Meta data key: none
   1024 x 767
   format: 2
Using image encoder: com.twelvemonkeys.imageio.plugins.jpeg.JPEGImageWriter@6aa3a905
Wrote [/tmp/test.jpg]
</STDOUT>
<STDERR>
15/08/11 14:47:32 WARN util.NativeCodeLoader: Unable to load native-hadoop library for your platform... using builtin-java classes where applicable
</STDERR>
EXITVAL: 0
compare -metric PSNR ../../testdata/testimages/12.png /tmp/test.jpg /tmp/psnr.png
PSNR: 35.6288
]]></system-out>
  <system-err><![CDATA[log4j:WARN No appenders could be found for logger (org.apache.hadoop.util.Shell).
log4j:WARN Please initialize the log4j system properly.
log4j:WARN See http://logging.apache.org/log4j/1.2/faq.html#noconfig for more info.
]]></system-err>
</testsuite>
